HVite -A -T 1 -t 250.0 100.0 1000.0 -C htk_recipe/common/configcross -H /models/htk/wsj_all_10000_32/macros -L labels -H /models/htk/wsj_all_10000_32/hmmdefs -a -m -S test_short.scp -i output.mlf dict_align /models/htk/wsj_all_10000_32/tiedlist 
Read 27332 physical / 65561 logical HMMs
Label file will be used to align each file
Aligning File: /audio/audio_out001.mfc
Created lattice with 87 nodes / 86 arcs from label file
Node[76420] {ay-k}
    0 : -> [76421] ==   0.000
Node[76419] {l-ay+k}
    0 : -> [76420] ==   0.000
Node[76421] {sp}
    0 : -> [72396] ==   0.000
Node[76424] {l+ay}
    0 : -> [76419] ==   0.000
Node[76423] {g-l+ay}
    0 : -> [76419] ==   0.000
Node[76415] {sil}
    0 : -> [72397] ==   0.000
Node[76414] {l-ay+k}
    0 : -> [76413] ==   0.000
Node[76413] {ay-k}
    0 : -> [76415] ==   0.000
Node[76418] {l+ay}
    0 : -> [76414] ==   0.000
Node[76416] {g-l+ay}
    0 : -> [76414] ==   0.000
Node[76407] {ah-g+l}
    0 : -> [76408] ==   0.000
Node[76406] {r-ah+g}
    0 : -> [76407] ==   0.000
Node[76408] {sp}
    0 : -> [75083] ==   0.000
Node[76411] {sil-r+ah}
    0 : -> [76406] ==   0.000
Node[76410] {iy-r+ah}
    0 : -> [76406] ==   0.000
Node[76402] {sil}
    0 : -> [75082] ==   0.000
Node[76401] {r-ah+g}
    0 : -> [76400] ==   0.000
Node[76400] {ah-g+sil}
    0 : -> [76402] ==   0.000
Node[76405] {sil-r+ah}
    0 : -> [76401] ==   0.000
Node[76404] {iy-r+ah}
    0 : -> [76401] ==   0.000
Node[76395] {l-iy+r}
    0 : -> [76396] ==   0.000
Node[76394] {oy-l+iy}
    0 : -> [76395] ==   0.000
Node[76396] {sp}
    0 : -> [75081] ==   0.000
Node[76399] {sil-oy+l}
    0 : -> [76394] ==   0.000
Node[76398] {n-oy+l}
    0 : -> [76394] ==   0.000
Node[76390] {sil}
    0 : -> [75080] ==   0.000
Node[76389] {oy-l+iy}
    0 : -> [76388] ==   0.000
Node[76388] {l-iy}
    0 : -> [76390] ==   0.000
Node[76393] {sil-oy+l}
    0 : -> [76389] ==   0.000
Node[76391] {n-oy+l}
    0 : -> [76389] ==   0.000
Node[76383] {ae-n+oy}
    0 : -> [76384] ==   0.000
Node[76384] {sp}
    0 : -> [75079] ==   0.000
Node[76386] {sil-ae+n}
    0 : -> [76383] ==   0.000
Node[76385] {ih-ae+n}
    0 : -> [76383] ==   0.000
Node[76379] {sil}
    0 : -> [75078] ==   0.000
Node[76378] {ae-n+sil}
    0 : -> [76379] ==   0.000
Node[76381] {sil-ae+n}
    0 : -> [76378] ==   0.000
Node[76380] {ih-ae+n}
    0 : -> [76378] ==   0.000
Node[76371] {r-iy+ae}
    0 : -> [76372] ==   0.000
Node[76370] {k-ae+r}
    0 : -> [76369] ==   0.000
Node[76369] {eh-r+iy}
    0 : -> [76371] ==   0.000
Node[76372] {sp}
    0 : -> [75077] ==   0.000
Node[76376] {sil-k+ae}
    0 : -> [76370] ==   0.000
Node[76375] {uw-k+ae}
    0 : -> [76370] ==   0.000
Node[76374] {ah-k+ae}
    0 : -> [76370] ==   0.000
Node[76364] {sil}
    0 : -> [75076] ==   0.000
Node[76362] {k-ae+r}
    0 : -> [76361] ==   0.000
Node[76361] {eh-r+iy}
    0 : -> [76360] ==   0.000
Node[76360] {r-iy+sil}
    0 : -> [76364] ==   0.000
Node[76368] {sil-k+ae}
    0 : -> [76362] ==   0.000
Node[76366] {uw-k+ae}
    0 : -> [76362] ==   0.000
Node[76365] {ah-k+ae}
    0 : -> [76362] ==   0.000
Node[76355] {t-uw+k}
    0 : -> [76356] ==   0.000
Node[76356] {sp}
    0 : -> [75075] ==   0.000
Node[76359] {t+uw}
    0 : -> [76355] ==   0.000
Node[76358] {iy-t+uw}
    0 : -> [76355] ==   0.000
Node[76351] {sil}
    0 : -> [75074] ==   0.000
Node[76350] {t-uw}
    0 : -> [76351] ==   0.000
Node[76354] {t+uw}
    0 : -> [76350] ==   0.000
Node[76353] {iy-t+uw}
    0 : -> [76350] ==   0.000
Node[76345] {t-ah+k}
    0 : -> [76346] ==   0.000
Node[76346] {sp}
    0 : -> [75073] ==   0.000
Node[76349] {t+ah}
    0 : -> [76345] ==   0.000
Node[76348] {iy-t+ah}
    0 : -> [76345] ==   0.000
Node[76341] {sil}
    0 : -> [75072] ==   0.000
Node[76340] {t-ah}
    0 : -> [76341] ==   0.000
Node[76344] {t+ah}
    0 : -> [76340] ==   0.000
Node[76343] {iy-t+ah}
    0 : -> [76340] ==   0.000
Node[76335] {m-iy+t}
    0 : -> [76336] ==   0.000
Node[76336] {sp}
    0 : -> [75071] ==   0.000
Node[76339] {m+iy}
    0 : -> [76335] ==   0.000
Node[76338] {k-m+iy}
    0 : -> [76335] ==   0.000
Node[76331] {sil}
    0 : -> [75070] ==   0.000
Node[76330] {m-iy}
    0 : -> [76331] ==   0.000
Node[76334] {m+iy}
    0 : -> [76330] ==   0.000
Node[76333] {k-m+iy}
    0 : -> [76330] ==   0.000
Node[76325] {dh-k+m}
    0 : -> [76326] ==   0.000
Node[76324] {ae-s+k}
    0 : -> [76325] ==   0.000
Node[76326] {sp}
    0 : -> [75069] ==   0.000
Node[76329] {sil-ae+s}
    0 : -> [76324] ==   0.000
Node[76328] {t-ae+s}
    0 : -> [76324] ==   0.000
Node[76320] {sil}
    0 : -> [75068] ==   0.000
Node[76319] {ae-s+k}
    0 : -> [76318] ==   0.000
Node[76318] {th-k+sil}
    0 : -> [76320] ==   0.000
Node[76323] {sil-ae+s}
    0 : -> [76319] ==   0.000
Node[76321] {t-ae+s}
    0 : -> [76319] ==   0.000
Node[76312] {n-t+ae}
    0 : -> [76313] ==   0.000
Node[76311] {d-ow+n}
    0 : -> [76310] ==   0.000
Node[76310] {ow-n+t}
    0 : -> [76312] ==   0.000
Node[76313] {sp}
    0 : -> [75067] ==   0.000
Node[76316] {d+ow}
    0 : -> [76311] ==   0.000
Node[76315] {ch-d+ow}
    0 : -> [76311] ==   0.000
Node[76306] {sil}
    0 : -> [75066] ==   0.000
Node[76305] {d-ow+n}
    0 : -> [76304] ==   0.000
Node[76304] {ow-n+t}
    0 : -> [76303] ==   0.000
Node[76303] {m-t+sil}
    0 : -> [76306] ==   0.000
Node[76309] {d+ow}
    0 : -> [76305] ==   0.000
Node[76308] {ch-d+ow}
    0 : -> [76305] ==   0.000
Node[76297] {n-ch+ch}
    0 : -> [76298] ==   0.000
Node[76296] {l-ah+n}
    0 : -> [76295] ==   0.000
Node[76295] {ah-n+ch}
    0 : -> [76297] ==   0.000
Node[76298] {sp}
    0 : -> [75065] ==   0.000
Node[76301] {l+ah}
    0 : -> [76296] ==   0.000
Node[76300] {k-l+ah}
    0 : -> [76296] ==   0.000
Node[76291] {sil}
    0 : -> [75064] ==   0.000
Node[76290] {l-ah+n}
    0 : -> [76289] ==   0.000
Node[76289] {ah-n+ch}
    0 : -> [76288] ==   0.000
Node[76288] {n-ch}
    0 : -> [76291] ==   0.000
Node[76294] {l+ah}
    0 : -> [76290] ==   0.000
Node[76293] {k-l+ah}
    0 : -> [76290] ==   0.000
Node[76282] {ih-k+l}
    0 : -> [76283] ==   0.000
Node[76281] {k-w+ih}
    0 : -> [76280] ==   0.000
Node[76280] {w-ih+k}
    0 : -> [76282] ==   0.000
Node[76283] {sp}
    0 : -> [75063] ==   0.000
Node[76286] {k+w}
    0 : -> [76281] ==   0.000
Node[76285] {ah-k+w}
    0 : -> [76281] ==   0.000
Node[76276] {sil}
    0 : -> [75062] ==   0.000
Node[76274] {k-w+ih}
    0 : -> [76273] ==   0.000
Node[76273] {w-ih+k}
    0 : -> [76272] ==   0.000
Node[76272] {ih-k+sil}
    0 : -> [76276] ==   0.000
Node[76278] {k+w}
    0 : -> [76274] ==   0.000
Node[76277] {ah-k+w}
    0 : -> [76274] ==   0.000
Node[76269] {sil-ah+k}
    0 : -> [76270] ==   0.000
Node[76270] {sp}
    0 : -> [75061] ==   0.000
Node[76266] {er-ah+k}
    0 : -> [76267] ==   0.000
Node[76267] {sp}
    0 : -> [75061] ==   0.000
Node[76262] {r-ah+k}
    0 : -> [76263] ==   0.000
Node[76263] {sp}
    0 : -> [75061] ==   0.000
Node[76268] NULL
    0 : -> [76269] ==   0.000
Node[76265] NULL
    0 : -> [76266] ==   0.000
Node[76261] NULL
    0 : -> [76262] ==   0.000
Node[76256] {sil}
    0 : -> [75060] ==   0.000
Node[76260] {ah+sil}
    0 : -> [76256] ==   0.000
Node[76258] {er-ah+sil}
    0 : -> [76256] ==   0.000
Node[76257] {r-ah+sil}
    0 : -> [76256] ==   0.000
Node[76252] {ao-r+ah}
    0 : -> [76253] ==   0.000
Node[76251] {f-ao+r}
    0 : -> [76252] ==   0.000
Node[76253] {sp}
    0 : -> [75059] ==   0.000
Node[76255] {p-f+ao}
    0 : -> [76251] ==   0.000
Node[76248] {sil}
    0 : -> [75058] ==   0.000
Node[76247] {f-ao+r}
    0 : -> [76246] ==   0.000
Node[76246] {ao-r+sil}
    0 : -> [76248] ==   0.000
Node[76250] {p-f+ao}
    0 : -> [76247] ==   0.000
Node[76242] {r-er+ah}
    0 : -> [76243] ==   0.000
Node[76241] {f-r+er}
    0 : -> [76242] ==   0.000
Node[76243] {sp}
    0 : -> [75057] ==   0.000
Node[76245] {t-f+r}
    0 : -> [76241] ==   0.000
Node[76238] {sil}
    0 : -> [75056] ==   0.000
Node[76237] {f-r+er}
    0 : -> [76236] ==   0.000
Node[76236] {r-er+sil}
    0 : -> [76238] ==   0.000
Node[76240] {t-f+r}
    0 : -> [76237] ==   0.000
Node[76231] {n-t+f}
    0 : -> [76232] ==   0.000
Node[76229] {k-ah+n}
    0 : -> [76228] ==   0.000
Node[76228] {er-n+v}
    0 : -> [76227] ==   0.000
Node[76227] {ng-v+eh}
    0 : -> [76226] ==   0.000
Node[76226] {v-eh+n}
    0 : -> [76224] ==   0.000
Node[76224] {eh-n+eh}
    0 : -> [76223] ==   0.000
Node[76223] {n-eh+ah}
    0 : -> [76222] ==   0.000
Node[76222] {ih-ah+n}
    0 : -> [76221] ==   0.000
Node[76221] {ah-n+t}
    0 : -> [76231] ==   0.000
Node[76232] {sp}
    0 : -> [75055] ==   0.000
Node[76235] {sil-k+ah}
    0 : -> [76229] ==   0.000
Node[76233] {r-k+ah}
    0 : -> [76229] ==   0.000
Node[76217] {ae-r+k}
    0 : -> [76218] ==   0.000
Node[76218] {sp}
    0 : -> [75054] ==   0.000
Node[76220] {aw-aa+r}
    0 : -> [76217] ==   0.000
Node[76214] {sil}
    0 : -> [75053] ==   0.000
Node[76213] {aa-r+sil}
    0 : -> [76214] ==   0.000
Node[76216] {aw-aa+r}
    0 : -> [76213] ==   0.000
Node[76208] {ih-ah+aa}
    0 : -> [76209] ==   0.000
Node[76207] {p-ih+t}
    0 : -> [76206] ==   0.000
Node[76206] {ih-t+s}
    0 : -> [76204] ==   0.000
Node[76204] {t-s+ah}
    0 : -> [76203] ==   0.000
Node[76203] {s-ah+r}
    0 : -> [76202] ==   0.000
Node[76202] {ah-r+ih}
    0 : -> [76201] ==   0.000
Node[76201] {r-ih+aa}
    0 : -> [76208] ==   0.000
Node[76209] {sp}
    0 : -> [75052] ==   0.000
Node[76212] {p+ih}
    0 : -> [76207] ==   0.000
Node[76211] {r-p+ih}
    0 : -> [76207] ==   0.000
Node[76196] {ih-r+p}
    0 : -> [76197] ==   0.000
Node[76195] {y-ih+r}
    0 : -> [76196] ==   0.000
Node[76197] {sp}
    0 : -> [75051] ==   0.000
Node[76200] {y+ih}
    0 : -> [76195] ==   0.000
Node[76198] {l-y+ih}
    0 : -> [76195] ==   0.000
Node[76191] {sil}
    0 : -> [75050] ==   0.000
Node[76189] {y-ih+r}
    0 : -> [76188] ==   0.000
Node[76188] {ih-r}
    0 : -> [76191] ==   0.000
Node[76193] {y+ih}
    0 : -> [76189] ==   0.000
Node[76192] {l-y+ih}
    0 : -> [76189] ==   0.000
Node[76183] {ao-l+y}
    0 : -> [76184] ==   0.000
Node[76184] {sp}
    0 : -> [75049] ==   0.000
Node[76187] {sil-ao+l}
    0 : -> [76183] ==   0.000
Node[76186] {er-ao+l}
    0 : -> [76183] ==   0.000
Node[76179] {sil}
    0 : -> [75048] ==   0.000
Node[76178] {ao-l+sil}
    0 : -> [76179] ==   0.000
Node[76182] {sil-ao+l}
    0 : -> [76178] ==   0.000
Node[76181] {er-ao+l}
    0 : -> [76178] ==   0.000
Node[76173] {t-er+ao}
    0 : -> [76174] ==   0.000
Node[76172] {w-ao+t}
    0 : -> [76171] ==   0.000
Node[76171] {ao-t+er}
    0 : -> [76173] ==   0.000
Node[76174] {sp}
    0 : -> [75047] ==   0.000
Node[76177] {p-w+ao}
    0 : -> [76172] ==   0.000
Node[76176] {sh-w+ao}
    0 : -> [76172] ==   0.000
Node[76167] {sil}
    0 : -> [75046] ==   0.000
Node[76166] {w-ao+t}
    0 : -> [76164] ==   0.000
Node[76164] {ao-t+er}
    0 : -> [76163] ==   0.000
Node[76163] {t-er}
    0 : -> [76167] ==   0.000
Node[76170] {p-w+ao}
    0 : -> [76166] ==   0.000
Node[76168] {sh-w+ao}
    0 : -> [76166] ==   0.000
Node[76158] {aa-sh+w}
    0 : -> [76159] ==   0.000
Node[76157] {w-aa+sh}
    0 : -> [76158] ==   0.000
Node[76159] {sp}
    0 : -> [75045] ==   0.000
Node[76162] {p-w+aa}
    0 : -> [76157] ==   0.000
Node[76161] {iy-w+aa}
    0 : -> [76157] ==   0.000
Node[76153] {sil}
    0 : -> [75044] ==   0.000
Node[76152] {w-aa+sh}
    0 : -> [76151] ==   0.000
Node[76151] {aa-sh}
    0 : -> [76153] ==   0.000
Node[76156] {p-w+aa}
    0 : -> [76152] ==   0.000
Node[76155] {iy-w+aa}
    0 : -> [76152] ==   0.000
Node[76146] {z-ih+w}
    0 : -> [76147] ==   0.000
Node[76144] {g-r+ey}
    0 : -> [76143] ==   0.000
Node[76143] {r-ey+z}
    0 : -> [76142] ==   0.000
Node[76142] {ey-z+ih}
    0 : -> [76146] ==   0.000
Node[76147] {sp}
    0 : -> [75043] ==   0.000
Node[76150] {k-g+r}
    0 : -> [76144] ==   0.000
Node[76148] {n-g+r}
    0 : -> [76144] ==   0.000
Node[76138] {sil}
    0 : -> [75042] ==   0.000
Node[76137] {g-r+ey}
    0 : -> [76136] ==   0.000
Node[76136] {r-ey+z}
    0 : -> [76134] ==   0.000
Node[76134] {ey-z+ih}
    0 : -> [76133] ==   0.000
Node[76133] {dh-ih+sil}
    0 : -> [76138] ==   0.000
Node[76141] {k-g+r}
    0 : -> [76137] ==   0.000
Node[76140] {n-g+r}
    0 : -> [76137] ==   0.000
Node[76128] {ih-n+g}
    0 : -> [76129] ==   0.000
Node[76129] {sp}
    0 : -> [75041] ==   0.000
Node[76132] {sil-ih+n}
    0 : -> [76128] ==   0.000
Node[76131] {t-ih+n}
    0 : -> [76128] ==   0.000
Node[76124] {sil}
    0 : -> [75040] ==   0.000
Node[76123] {ih-n+sil}
    0 : -> [76124] ==   0.000
Node[76127] {sil-ih+n}
    0 : -> [76123] ==   0.000
Node[76126] {t-ih+n}
    0 : -> [76123] ==   0.000
Node[76118] {uw-t+ih}
    0 : -> [76119] ==   0.000
Node[76117] {z-uw+t}
    0 : -> [76118] ==   0.000
Node[76119] {sp}
    0 : -> [75039] ==   0.000
Node[76122] {sil-s+uw}
    0 : -> [76117] ==   0.000
Node[76121] {k-s+uw}
    0 : -> [76117] ==   0.000
Node[76113] {sil}
    0 : -> [75038] ==   0.000
Node[76112] {z-uw+t}
    0 : -> [76111] ==   0.000
Node[76111] {uw-t+zh}
    0 : -> [76113] ==   0.000
Node[76116] {sil-s+uw}
    0 : -> [76112] ==   0.000
Node[76115] {k-s+uw}
    0 : -> [76112] ==   0.000
Node[76106] {r-k+s}
    0 : -> [76107] ==   0.000
Node[76104] {d-aa+r}
    0 : -> [76103] ==   0.000
Node[76103] {ae-r+k}
    0 : -> [76106] ==   0.000
Node[76107] {sp}
    0 : -> [75037] ==   0.000
Node[76110] {d+aa}
    0 : -> [76104] ==   0.000
Node[76108] {r-d+aa}
    0 : -> [76104] ==   0.000
Node[76099] {sil}
    0 : -> [75036] ==   0.000
Node[76098] {d-aa+r}
    0 : -> [76097] ==   0.000
Node[76097] {ae-r+k}
    0 : -> [76096] ==   0.000
Node[76096] {r-k+sil}
    0 : -> [76099] ==   0.000
Node[76102] {d+aa}
    0 : -> [76098] ==   0.000
Node[76101] {r-d+aa}
    0 : -> [76098] ==   0.000
Node[76091] {ao-r+d}
    0 : -> [76092] ==   0.000
Node[76090] {y-ao+r}
    0 : -> [76091] ==   0.000
Node[76092] {sp}
    0 : -> [75035] ==   0.000
Node[76095] {y+w}
    0 : -> [76090] ==   0.000
Node[76093] {d-y+ao}
    0 : -> [76090] ==   0.000
Node[76086] {sil}
    0 : -> [75034] ==   0.000
Node[76084] {y-ao+r}
    0 : -> [76083] ==   0.000
Node[76083] {ao-r+sil}
    0 : -> [76086] ==   0.000
Node[76088] {y+w}
    0 : -> [76084] ==   0.000
Node[76087] {d-y+ao}
    0 : -> [76084] ==   0.000
Node[76078] {ae-d+y}
    0 : -> [76079] ==   0.000
Node[76077] {hh-ae+d}
    0 : -> [76078] ==   0.000
Node[76079] {sp}
    0 : -> [72531] ==   0.000
Node[76082] {sil-hh+ae}
    0 : -> [76077] ==   0.000
Node[76081] {iy-hh+ae}
    0 : -> [76077] ==   0.000
Node[76073] {sil}
    0 : -> [72530] ==   0.000
Node[76072] {hh-ae+d}
    0 : -> [76071] ==   0.000
Node[76071] {aa-d+sil}
    0 : -> [76073] ==   0.000
Node[76076] {sil-hh+ae}
    0 : -> [76072] ==   0.000
Node[76075] {iy-hh+ae}
    0 : -> [76072] ==   0.000
Node[76066] {sh-iy+hh}
    0 : -> [76067] ==   0.000
Node[76067] {sp}
    0 : -> [72529] ==   0.000
Node[76070] {sil-sh+iy}
    0 : -> [76066] ==   0.000
Node[76068] {dh-sh+iy}
    0 : -> [76066] ==   0.000
Node[76062] {sil}
    0 : -> [72528] ==   0.000
Node[76061] {ch-iy}
    0 : -> [76062] ==   0.000
Node[76065] {sil-sh+iy}
    0 : -> [76061] ==   0.000
Node[76063] {dh-sh+iy}
    0 : -> [76061] ==   0.000
Node[76057] {ah-s+sh}
    0 : -> [76058] ==   0.000
Node[76056] {m-ah+s}
    0 : -> [76054] ==   0.000
Node[76054] {ah-s+t}
    0 : -> [76053] ==   0.000
Node[76053] {s-t+ah}
    0 : -> [76052] ==   0.000
Node[76052] {t-ah+s}
    0 : -> [76057] ==   0.000
Node[76058] {sp}
    0 : -> [72527] ==   0.000
Node[76060] {n-m+ah}
    0 : -> [76056] ==   0.000
Node[76049] {sil}
    0 : -> [72526] ==   0.000
Node[76048] {m-ah+s}
    0 : -> [76047] ==   0.000
Node[76047] {ah-s+t}
    0 : -> [76046] ==   0.000
Node[76046] {s-t+ah}
    0 : -> [76044] ==   0.000
Node[76044] {t-ah+s}
    0 : -> [76043] ==   0.000
Node[76043] {ah-s+sil}
    0 : -> [76049] ==   0.000
Node[76051] {n-m+ah}
    0 : -> [76048] ==   0.000
Node[76038] {aw-n+m}
    0 : -> [76039] ==   0.000
Node[76037] {b-r+aw}
    0 : -> [76036] ==   0.000
Node[76036] {r-aw+n}
    0 : -> [76038] ==   0.000
Node[76039] {sp}
    0 : -> [72525] ==   0.000
Node[76042] {b+r}
    0 : -> [76037] ==   0.000
Node[76041] {jh-b+r}
    0 : -> [76037] ==   0.000
Node[76030] {ay-z+b}
    0 : -> [76031] ==   0.000
Node[76031] {sp}
    0 : -> [72524] ==   0.000
Node[76034] {ay+z}
    0 : -> [76030] ==   0.000
Node[76033] {n-ay+z}
    0 : -> [76030] ==   0.000
Node[76026] {sil}
    0 : -> [72523] ==   0.000
Node[76025] {ay-z}
    0 : -> [76026] ==   0.000
Node[76029] {ay+z}
    0 : -> [76025] ==   0.000
Node[76028] {n-ay+z}
    0 : -> [76025] ==   0.000
Node[76021] {aw-n+aa}
    0 : -> [76022] ==   0.000
Node[76020] {b-r+aw}
    0 : -> [76019] ==   0.000
Node[76019] {r-aw+n}
    0 : -> [76021] ==   0.000
Node[76022] {sp}
    0 : -> [72522] ==   0.000
Node[76024] {n-b+r}
    0 : -> [76020] ==   0.000
Node[76016] {sil}
    0 : -> [72521] ==   0.000
Node[76015] {b-r+aw}
    0 : -> [76014] ==   0.000
Node[76014] {r-aw+n}
    0 : -> [76013] ==   0.000
Node[76013] {aw-n}
    0 : -> [76016] ==   0.000
Node[76018] {n-b+r}
    0 : -> [76015] ==   0.000
Node[76008] {m-n+b}
    0 : -> [76009] ==   0.000
Node[76006] {aw-t+ow}
    0 : -> [76005] ==   0.000
Node[76005] {t-ow+ng}
    0 : -> [76004] ==   0.000
Node[76004] {uh-m+n}
    0 : -> [76008] ==   0.000
Node[76009] {sp}
    0 : -> [72520] ==   0.000
Node[76012] {aw+t}
    0 : -> [76006] ==   0.000
Node[76010] {n-aw+t}
    0 : -> [76006] ==   0.000
Node[75999] {ih-n+aw}
    0 : -> [76000] ==   0.000
Node[76000] {sp}
    0 : -> [72519] ==   0.000
Node[76003] {sil-ih+n}
    0 : -> [75999] ==   0.000
Node[76002] {iy-ih+n}
    0 : -> [75999] ==   0.000
Node[75995] {sil}
    0 : -> [72518] ==   0.000
Node[75994] {ih-n+sil}
    0 : -> [75995] ==   0.000
Node[75998] {sil-ih+n}
    0 : -> [75994] ==   0.000
Node[75997] {iy-ih+n}
    0 : -> [75994] ==   0.000
Node[75989] {t-iy+ih}
    0 : -> [75990] ==   0.000
Node[75988] {p-r+ih}
    0 : -> [75986] ==   0.000
Node[75986] {r-ih+t}
    0 : -> [75985] ==   0.000
Node[75985] {ih-t+iy}
    0 : -> [75989] ==   0.000
Node[75990] {sp}
    0 : -> [72517] ==   0.000
Node[75993] {p+r}
    0 : -> [75988] ==   0.000
Node[75992] {iy-p+r}
    0 : -> [75988] ==   0.000
Node[75981] {sil}
    0 : -> [72516] ==   0.000
Node[75980] {p-r+ih}
    0 : -> [75979] ==   0.000
Node[75979] {r-ih+t}
    0 : -> [75978] ==   0.000
Node[75978] {ih-t+iy}
    0 : -> [75977] ==   0.000
Node[75977] {t-iy}
    0 : -> [75981] ==   0.000
Node[75984] {p+r}
    0 : -> [75980] ==   0.000
Node[75983] {iy-p+r}
    0 : -> [75980] ==   0.000
Node[75971] {r-iy+p}
    0 : -> [75972] ==   0.000
Node[75970] {v-eh+r}
    0 : -> [75969] ==   0.000
Node[75969] {eh-r+iy}
    0 : -> [75971] ==   0.000
Node[75972] {sp}
    0 : -> [72515] ==   0.000
Node[75975] {v+eh}
    0 : -> [75970] ==   0.000
Node[75974] {z-v+eh}
    0 : -> [75970] ==   0.000
Node[75965] {sil}
    0 : -> [72514] ==   0.000
Node[75964] {v-eh+r}
    0 : -> [75963] ==   0.000
Node[75963] {eh-r+iy}
    0 : -> [75962] ==   0.000
Node[75962] {r-iy+sil}
    0 : -> [75965] ==   0.000
Node[75968] {v+eh}
    0 : -> [75964] ==   0.000
Node[75967] {z-v+eh}
    0 : -> [75964] ==   0.000
Node[75958] {t-s+v}
    0 : -> [75959] ==   0.000
Node[75956] {g-eh+t}
    0 : -> [75955] ==   0.000
Node[75955] {eh-t+s}
    0 : -> [75958] ==   0.000
Node[75959] {sp}
    0 : -> [72513] ==   0.000
Node[75960] {g-g+eh}
    0 : -> [75956] ==   0.000
Node[75953] {sil}
    0 : -> [72512] ==   0.000
Node[75951] {g-eh+t}
    0 : -> [75950] ==   0.000
Node[75950] {eh-t+s}
    0 : -> [75949] ==   0.000
Node[75949] {t-s+sil}
    0 : -> [75953] ==   0.000
Node[75954] {g-g+eh}
    0 : -> [75951] ==   0.000
Node[75945] {ow-g+d}
    0 : -> [75946] ==   0.000
Node[75944] {b-ow+g}
    0 : -> [75945] ==   0.000
Node[75946] {sp}
    0 : -> [72511] ==   0.000
Node[75948] {ih-b+ow}
    0 : -> [75944] ==   0.000
Node[75938] {r-ih+b}
    0 : -> [75939] ==   0.000
Node[75936] {k-r+aa}
    0 : -> [75935] ==   0.000
Node[75935] {r-aa+ng}
    0 : -> [75934] ==   0.000
Node[75934] {ao-n+b}
    0 : -> [75933] ==   0.000
Node[75933] {m-b+eh}
    0 : -> [75931] ==   0.000
Node[75931] {b-eh+r}
    0 : -> [75930] ==   0.000
Node[75930] {eh-r+ih}
    0 : -> [75938] ==   0.000
Node[75939] {sp}
    0 : -> [72510] ==   0.000
Node[75943] {k+r}
    0 : -> [75936] ==   0.000
Node[75942] {iy-k+r}
    0 : -> [75936] ==   0.000
Node[75940] {ah-k+r}
    0 : -> [75936] ==   0.000
Node[75927] {dh-ah+k}
    0 : -> [75928] ==   0.000
Node[75928] {sp}
    0 : -> [72509] ==   0.000
Node[75929] {er-dh+ah}
    0 : -> [75927] ==   0.000
Node[75924] {sil}
    0 : -> [72508] ==   0.000
Node[75923] {dh-ah+sil}
    0 : -> [75924] ==   0.000
Node[75925] {er-dh+ah}
    0 : -> [75923] ==   0.000
Node[75919] {dh-iy+k}
    0 : -> [75920] ==   0.000
Node[75920] {sp}
    0 : -> [72507] ==   0.000
Node[75922] {er-dh+iy}
    0 : -> [75919] ==   0.000
Node[75916] {sil}
    0 : -> [72506] ==   0.000
Node[75915] {dh-iy+sil}
    0 : -> [75916] ==   0.000
Node[75918] {er-dh+iy}
    0 : -> [75915] ==   0.000
Node[75910] {ch-er+dh}
    0 : -> [75911] ==   0.000
Node[75909] {ae-p+eh}
    0 : -> [75908] ==   0.000
Node[75908] {p-eh+t}
    0 : -> [75906] ==   0.000
Node[75906] {eh-t+ih}
    0 : -> [75905] ==   0.000
Node[75905] {t-ih+zh}
    0 : -> [75904] ==   0.000
Node[75904] {ih-zh+er}
    0 : -> [75910] ==   0.000
Node[75911] {sp}
    0 : -> [72505] ==   0.000
Node[75914] {sil-ae+p}
    0 : -> [75909] ==   0.000
Node[75913] {s-ae+p}
    0 : -> [75909] ==   0.000
Node[75899] {k-s+ae}
    0 : -> [75900] ==   0.000
Node[75898] {d-ih+z}
    0 : -> [75896] ==   0.000
Node[75896] {ih-z+l}
    0 : -> [75895] ==   0.000
Node[75895] {z-l+ay}
    0 : -> [75894] ==   0.000
Node[75894] {l-ay+k}
    0 : -> [75893] ==   0.000
Node[75893] {ay-k+s}
    0 : -> [75899] ==   0.000
Node[75900] {sp}
    0 : -> [72504] ==   0.000
Node[75903] {d+ih}
    0 : -> [75898] ==   0.000
Node[75902] {iy-d+ih}
    0 : -> [75898] ==   0.000
Node[75889] {sil}
    0 : -> [72503] ==   0.000
Node[75888] {d-ih+z}
    0 : -> [75886] ==   0.000
Node[75886] {ih-z+l}
    0 : -> [75885] ==   0.000
Node[75885] {z-l+ay}
    0 : -> [75884] ==   0.000
Node[75884] {l-ay+k}
    0 : -> [75883] ==   0.000
Node[75883] {ay-k+s}
    0 : -> [75882] ==   0.000
Node[75882] {g-s}
    0 : -> [75889] ==   0.000
Node[75892] {d+ih}
    0 : -> [75888] ==   0.000
Node[75890] {iy-d+ih}
    0 : -> [75888] ==   0.000
Node[75876] {l-iy+d}
    0 : -> [75877] ==   0.000
Node[75875] {s-t+r}
    0 : -> [75874] ==   0.000
Node[75874] {t-r+ao}
    0 : -> [75873] ==   0.000
Node[75873] {r-ao+ng}
    0 : -> [75871] ==   0.000
Node[75871] {b-ng+l}
    0 : -> [75870] ==   0.000
Node[75870] {ng-l+iy}
    0 : -> [75876] ==   0.000
Node[75877] {sp}
    0 : -> [72502] ==   0.000
Node[75880] {s+d}
    0 : -> [75875] ==   0.000
Node[75879] {m-s+d}
    0 : -> [75875] ==   0.000
Node[75866] {sil}
    0 : -> [72501] ==   0.000
Node[75865] {s-t+r}
    0 : -> [75864] ==   0.000
Node[75864] {t-r+ao}
    0 : -> [75863] ==   0.000
Node[75863] {r-ao+ng}
    0 : -> [75861] ==   0.000
Node[75861] {b-ng+l}
    0 : -> [75860] ==   0.000
Node[75860] {ng-l+iy}
    0 : -> [75859] ==   0.000
Node[75859] {l-iy}
    0 : -> [75866] ==   0.000
Node[75869] {s+d}
    0 : -> [75865] ==   0.000
Node[75868] {m-s+d}
    0 : -> [75865] ==   0.000
Node[75854] {uh-m+s}
    0 : -> [75855] ==   0.000
Node[75853] {m-ow+ng}
    0 : -> [75854] ==   0.000
Node[75855] {sp}
    0 : -> [72500] ==   0.000
Node[75858] {m+ah}
    0 : -> [75853] ==   0.000
Node[75857] {b-m+ow}
    0 : -> [75853] ==   0.000
Node[75849] {sil}
    0 : -> [72499] ==   0.000
Node[75848] {m-ow+ng}
    0 : -> [75847] ==   0.000
Node[75847] {uh-m+sil}
    0 : -> [75849] ==   0.000
Node[75852] {m+ah}
    0 : -> [75848] ==   0.000
Node[75850] {b-m+ow}
    0 : -> [75848] ==   0.000
Node[75841] {ow-d+m}
    0 : -> [75842] ==   0.000
Node[75840] {d-ih+d}
    0 : -> [75841] ==   0.000
Node[75842] {sp}
    0 : -> [72498] ==   0.000
Node[75845] {d+ih}
    0 : -> [75840] ==   0.000
Node[75844] {er-d+ih}
    0 : -> [75840] ==   0.000
Node[75836] {sil}
    0 : -> [72497] ==   0.000
Node[75835] {d-ih+d}
    0 : -> [75834] ==   0.000
Node[75834] {ih-d+sil}
    0 : -> [75836] ==   0.000
Node[75839] {d+ih}
    0 : -> [75835] ==   0.000
Node[75838] {er-d+ih}
    0 : -> [75835] ==   0.000
Node[75829] {v-er+d}
    0 : -> [75830] ==   0.000
Node[75828] {n-eh+v}
    0 : -> [75827] ==   0.000
Node[75827] {eh-v+er}
    0 : -> [75829] ==   0.000
Node[75830] {sp}
    0 : -> [72496] ==   0.000
Node[75833] {n+ae}
    0 : -> [75828] ==   0.000
Node[75832] {iy-n+eh}
    0 : -> [75828] ==   0.000
Node[75823] {sil}
    0 : -> [72495] ==   0.000
Node[75821] {n-eh+v}
    0 : -> [75820] ==   0.000
Node[75820] {eh-v+er}
    0 : -> [75819] ==   0.000
Node[75819] {v-er+sil}
    0 : -> [75823] ==   0.000
Node[75825] {n+ae}
    0 : -> [75821] ==   0.000
Node[75824] {iy-n+eh}
    0 : -> [75821] ==   0.000
Node[75814] {hh-iy+n}
    0 : -> [75815] ==   0.000
Node[75815] {sp}
    0 : -> [72494] ==   0.000
Node[75818] {sil-hh+iy}
    0 : -> [75814] ==   0.000
Node[75817] {d-hh+iy}
    0 : -> [75814] ==   0.000
Node[75810] {sil}
    0 : -> [72493] ==   0.000
Node[75809] {hh-iy+sil}
    0 : -> [75810] ==   0.000
Node[75813] {sil-hh+iy}
    0 : -> [75809] ==   0.000
Node[75812] {d-hh+iy}
    0 : -> [75809] ==   0.000
Node[75804] {ih-t+hh}
    0 : -> [75805] ==   0.000
Node[75803] {b-ah+t}
    0 : -> [75804] ==   0.000
Node[75805] {sp}
    0 : -> [72492] ==   0.000
Node[75808] {sil-b+ah}
    0 : -> [75803] ==   0.000
Node[75807] {z-b+ah}
    0 : -> [75803] ==   0.000
Node[75799] {sil}
    0 : -> [72491] ==   0.000
Node[75798] {b-ah+t}
    0 : -> [75797] ==   0.000
Node[75797] {ah-t+sil}
    0 : -> [75799] ==   0.000
Node[75802] {sil-b+ah}
    0 : -> [75798] ==   0.000
Node[75800] {z-b+ah}
    0 : -> [75798] ==   0.000
Node[75791] {n-z+b}
    0 : -> [75792] ==   0.000
Node[75790] {k-w+eh}
    0 : -> [75789] ==   0.000
Node[75789] {w-eh+s}
    0 : -> [75788] ==   0.000
Node[75788] {eh-s+ch}
    0 : -> [75786] ==   0.000
Node[75786] {s-ch+ah}
    0 : -> [75785] ==   0.000
Node[75785] {ch-ah+n}
    0 : -> [75784] ==   0.000
Node[75784] {ah-n+z}
    0 : -> [75791] ==   0.000
Node[75792] {sp}
    0 : -> [72490] ==   0.000
Node[75795] {k+w}
    0 : -> [75790] ==   0.000
Node[75794] {k-k+w}
    0 : -> [75790] ==   0.000
Node[75780] {sil}
    0 : -> [72489] ==   0.000
Node[75778] {k-w+eh}
    0 : -> [75777] ==   0.000
Node[75777] {w-eh+s}
    0 : -> [75776] ==   0.000
Node[75776] {eh-s+ch}
    0 : -> [75775] ==   0.000
Node[75775] {s-ch+ah}
    0 : -> [75773] ==   0.000
Node[75773] {ch-ah+n}
    0 : -> [75772] ==   0.000
Node[75772] {ah-n+z}
    0 : -> [75771] ==   0.000
Node[75771] {n-z+sil}
    0 : -> [75780] ==   0.000
Node[75782] {k+w}
    0 : -> [75778] ==   0.000
Node[75781] {k-k+w}
    0 : -> [75778] ==   0.000
Node[75765] {dh-k+g}
    0 : -> [75766] ==   0.000
Node[75764] {ae-s+k}
    0 : -> [75765] ==   0.000
Node[75766] {sp}
    0 : -> [72488] ==   0.000
Node[75770] {sil-ae+s}
    0 : -> [75764] ==   0.000
Node[75769] {uw-ae+s}
    0 : -> [75764] ==   0.000
Node[75767] {aa-ae+s}
    0 : -> [75764] ==   0.000
Node[75758] {sil}
    0 : -> [72487] ==   0.000
Node[75757] {ae-s+k}
    0 : -> [75756] ==   0.000
Node[75756] {th-k+sil}
    0 : -> [75758] ==   0.000
Node[75762] {sil-ae+s}
    0 : -> [75757] ==   0.000
Node[75761] {uw-ae+s}
    0 : -> [75757] ==   0.000
Node[75760] {aa-ae+s}
    0 : -> [75757] ==   0.000
Node[75751] {t-uw+aa}
    0 : -> [75752] ==   0.000
Node[75752] {sp}
    0 : -> [72486] ==   0.000
Node[75755] {t+uw}
    0 : -> [75751] ==   0.000
Node[75754] {d-t+uw}
    0 : -> [75751] ==   0.000
Node[75747] {sil}
    0 : -> [72485] ==   0.000
Node[75746] {t-uw}
    0 : -> [75747] ==   0.000
Node[75750] {t+uw}
    0 : -> [75746] ==   0.000
Node[75749] {d-t+uw}
    0 : -> [75746] ==   0.000
Node[75741] {t-ah+aa}
    0 : -> [75742] ==   0.000
Node[75742] {sp}
    0 : -> [72484] ==   0.000
Node[75745] {t+ah}
    0 : -> [75741] ==   0.000
Node[75744] {d-t+ah}
    0 : -> [75741] ==   0.000
Node[75737] {sil}
    0 : -> [72483] ==   0.000
Node[75736] {t-ah}
    0 : -> [75737] ==   0.000
Node[75740] {t+ah}
    0 : -> [75736] ==   0.000
Node[75739] {d-t+ah}
    0 : -> [75736] ==   0.000
Node[75731] {ow-d+t}
    0 : -> [75732] ==   0.000
Node[75730] {t-eh+m}
    0 : -> [75728] ==   0.000
Node[75728] {eh-m+p}
    0 : -> [75727] ==   0.000
Node[75727] {m-p+t}
    0 : -> [75726] ==   0.000
Node[75726] {p-t+ih}
    0 : -> [75725] ==   0.000
Node[75725] {t-ih+d}
    0 : -> [75731] ==   0.000
Node[75732] {sp}
    0 : -> [72482] ==   0.000
Node[75735] {t+eh}
    0 : -> [75730] ==   0.000
Node[75734] {n-t+eh}
    0 : -> [75730] ==   0.000
Node[75721] {sil}
    0 : -> [72481] ==   0.000
Node[75720] {t-eh+m}
    0 : -> [75718] ==   0.000
Node[75718] {eh-m+p}
    0 : -> [75717] ==   0.000
Node[75717] {m-p+t}
    0 : -> [75716] ==   0.000
Node[75716] {p-t+ih}
    0 : -> [75715] ==   0.000
Node[75715] {t-ih+d}
    0 : -> [75714] ==   0.000
Node[75714] {ih-d+sil}
    0 : -> [75721] ==   0.000
Node[75724] {t+eh}
    0 : -> [75720] ==   0.000
Node[75722] {n-t+eh}
    0 : -> [75720] ==   0.000
Node[75708] {ah-n+t}
    0 : -> [75709] ==   0.000
Node[75707] {ao-f+ah}
    0 : -> [75706] ==   0.000
Node[75706] {f-ah+n}
    0 : -> [75708] ==   0.000
Node[75709] {sp}
    0 : -> [72480] ==   0.000
Node[75712] {sil-ao+f}
    0 : -> [75707] ==   0.000
Node[75711] {z-ao+f}
    0 : -> [75707] ==   0.000
Node[75702] {sil}
    0 : -> [72479] ==   0.000
Node[75701] {ao-f+ah}
    0 : -> [75700] ==   0.000
Node[75700] {f-ah+n}
    0 : -> [75699] ==   0.000
Node[75699] {ah-n+sil}
    0 : -> [75702] ==   0.000
Node[75705] {sil-ao+f}
    0 : -> [75701] ==   0.000
Node[75704] {z-ao+f}
    0 : -> [75701] ==   0.000
Node[75693] {eh-z+ao}
    0 : -> [75694] ==   0.000
Node[75692] {k-y+sil}
    0 : -> [75691] ==   0.000
Node[75691] {y-uh+l}
    0 : -> [75690] ==   0.000
Node[75690] {uh-r+eh}
    0 : -> [75689] ==   0.000
Node[75689] {r-eh+z}
    0 : -> [75693] ==   0.000
Node[75694] {sp}
    0 : -> [72478] ==   0.000
Node[75697] {k+y}
    0 : -> [75692] ==   0.000
Node[75696] {n-k+y}
    0 : -> [75692] ==   0.000
Node[75685] {sil}
    0 : -> [72477] ==   0.000
Node[75683] {k-y+sil}
    0 : -> [75682] ==   0.000
Node[75682] {y-uh+l}
    0 : -> [75681] ==   0.000
Node[75681] {uh-r+eh}
    0 : -> [75680] ==   0.000
Node[75680] {r-eh+z}
    0 : -> [75679] ==   0.000
Node[75679] {eh-z+sil}
    0 : -> [75685] ==   0.000
Node[75687] {k+y}
    0 : -> [75683] ==   0.000
Node[75686] {n-k+y}
    0 : -> [75683] ==   0.000
Node[75673] {uh-n+k}
    0 : -> [75674] ==   0.000
Node[75672] {ao-f+ah}
    0 : -> [75671] ==   0.000
Node[75671] {f-ah+n}
    0 : -> [75673] ==   0.000
Node[75674] {sp}
    0 : -> [72476] ==   0.000
Node[75677] {sil-ao+f}
    0 : -> [75672] ==   0.000
Node[75676] {z-ao+f}
    0 : -> [75672] ==   0.000
Node[75667] {sil}
    0 : -> [72475] ==   0.000
Node[75666] {ao-f+ah}
    0 : -> [75665] ==   0.000
Node[75665] {f-ah+n}
    0 : -> [75664] ==   0.000
Node[75664] {ah-n+sil}
    0 : -> [75667] ==   0.000
Node[75670] {sil-ao+f}
    0 : -> [75666] ==   0.000
Node[75669] {z-ao+f}
    0 : -> [75666] ==   0.000
Node[75658] {aa-z+ao}
    0 : -> [75659] ==   0.000
Node[75657] {w-aa+z}
    0 : -> [75658] ==   0.000
Node[75659] {sp}
    0 : -> [72474] ==   0.000
Node[75662] {p-w+aa}
    0 : -> [75657] ==   0.000
Node[75661] {er-w+aa}
    0 : -> [75657] ==   0.000
Node[75653] {sil}
    0 : -> [72473] ==   0.000
Node[75652] {w-aa+z}
    0 : -> [75651] ==   0.000
Node[75651] {aa-z+sil}
    0 : -> [75653] ==   0.000
Node[75656] {p-w+aa}
    0 : -> [75652] ==   0.000
Node[75655] {er-w+aa}
    0 : -> [75652] ==   0.000
Node[75646] {uh-z+ao}
    0 : -> [75647] ==   0.000
Node[75645] {w-ah+z}
    0 : -> [75646] ==   0.000
Node[75647] {sp}
    0 : -> [72472] ==   0.000
Node[75650] {w+ah}
    0 : -> [75645] ==   0.000
Node[75649] {er-w+ah}
    0 : -> [75645] ==   0.000
Node[75641] {sil}
    0 : -> [72471] ==   0.000
Node[75640] {w-ah+z}
    0 : -> [75639] ==   0.000
Node[75639] {uh-z+sil}
    0 : -> [75641] ==   0.000
Node[75644] {w+ah}
    0 : -> [75640] ==   0.000
Node[75642] {er-w+ah}
    0 : -> [75640] ==   0.000
Node[75633] {ao-z+ao}
    0 : -> [75634] ==   0.000
Node[75632] {w-ao+v}
    0 : -> [75633] ==   0.000
Node[75634] {sp}
    0 : -> [72470] ==   0.000
Node[75637] {p-w+ao}
    0 : -> [75632] ==   0.000
Node[75636] {er-w+ao}
    0 : -> [75632] ==   0.000
Node[75628] {sil}
    0 : -> [72469] ==   0.000
Node[75627] {w-ao+v}
    0 : -> [75626] ==   0.000
Node[75626] {ao-z+sil}
    0 : -> [75628] ==   0.000
Node[75631] {p-w+ao}
    0 : -> [75627] ==   0.000
Node[75630] {er-w+ao}
    0 : -> [75627] ==   0.000
Node[75621] {t-er+w}
    0 : -> [75622] ==   0.000
Node[75620] {er-eh+k}
    0 : -> [75618] ==   0.000
Node[75618] {eh-k+t}
    0 : -> [75617] ==   0.000
Node[75617] {k-t+er}
    0 : -> [75621] ==   0.000
Node[75622] {sp}
    0 : -> [72468] ==   0.000
Node[75625] {sil-er+eh}
    0 : -> [75620] ==   0.000
Node[75624] {ng-er+eh}
    0 : -> [75620] ==   0.000
Node[75613] {sil}
    0 : -> [72467] ==   0.000
Node[75612] {er-eh+k}
    0 : -> [75611] ==   0.000
Node[75611] {eh-k+t}
    0 : -> [75610] ==   0.000
Node[75610] {k-t+er}
    0 : -> [75609] ==   0.000
Node[75609] {t-er}
    0 : -> [75613] ==   0.000
Node[75616] {sil-er+eh}
    0 : -> [75612] ==   0.000
Node[75615] {ng-er+eh}
    0 : -> [75612] ==   0.000
Node[75603] {ih-ng+er}
    0 : -> [75604] ==   0.000
Node[75602] {z-ow+n}
    0 : -> [75601] ==   0.000
Node[75601] {ow-n+iy}
    0 : -> [75600] ==   0.000
Node[75600] {ng-iy+ng}
    0 : -> [75603] ==   0.000
Node[75604] {sp}
    0 : -> [72466] ==   0.000
Node[75607] {sil-z+ow}
    0 : -> [75602] ==   0.000
Node[75606] {ay-z+ow}
    0 : -> [75602] ==   0.000
Node[75596] {sil}
    0 : -> [72465] ==   0.000
Node[75595] {z-ow+n}
    0 : -> [75593] ==   0.000
Node[75593] {ow-n+iy}
    0 : -> [75592] ==   0.000
Node[75592] {ng-iy+ng}
    0 : -> [75591] ==   0.000
Node[75591] {iy-ng+sil}
    0 : -> [75596] ==   0.000
Node[75599] {sil-z+ow}
    0 : -> [75595] ==   0.000
Node[75597] {ay-z+ow}
    0 : -> [75595] ==   0.000
Node[75586] {b-ay+z}
    0 : -> [75587] ==   0.000
Node[75587] {sp}
    0 : -> [72464] ==   0.000
Node[75590] {sil-b+ay}
    0 : -> [75586] ==   0.000
Node[75589] {b-b+ay}
    0 : -> [75586] ==   0.000
Node[75582] {sil}
    0 : -> [72463] ==   0.000
Node[75581] {b-ay+sil}
    0 : -> [75582] ==   0.000
Node[75585] {sil-b+ay}
    0 : -> [75581] ==   0.000
Node[75584] {b-b+ay}
    0 : -> [75581] ==   0.000
Node[75576] {ow-d+b}
    0 : -> [75577] ==   0.000
Node[75575] {p-r+ah}
    0 : -> [75573] ==   0.000
Node[75573] {r-ah+ch}
    0 : -> [75572] ==   0.000
Node[75572] {ah-t+eh}
    0 : -> [75571] ==   0.000
Node[75571] {t-eh+k}
    0 : -> [75570] ==   0.000
Node[75570] {eh-k+t}
    0 : -> [75568] ==   0.000
Node[75568] {k-t+ah}
    0 : -> [75567] ==   0.000
Node[75567] {t-ah+d}
    0 : -> [75576] ==   0.000
Node[75577] {sp}
    0 : -> [72462] ==   0.000
Node[75580] {p+r}
    0 : -> [75575] ==   0.000
Node[75579] {r-p+r}
    0 : -> [75575] ==   0.000
Node[75563] {sil}
    0 : -> [72461] ==   0.000
Node[75562] {p-r+ah}
    0 : -> [75561] ==   0.000
Node[75561] {r-ah+ch}
    0 : -> [75560] ==   0.000
Node[75560] {ah-t+eh}
    0 : -> [75558] ==   0.000
Node[75558] {t-eh+k}
    0 : -> [75557] ==   0.000
Node[75557] {eh-k+t}
    0 : -> [75556] ==   0.000
Node[75556] {k-t+ah}
    0 : -> [75555] ==   0.000
Node[75555] {t-ah+d}
    0 : -> [75554] ==   0.000
Node[75554] {ah-d+sil}
    0 : -> [75563] ==   0.000
Node[75566] {p+r}
    0 : -> [75562] ==   0.000
Node[75565] {r-p+r}
    0 : -> [75562] ==   0.000
Node[75548] {aw-d+b}
    0 : -> [75549] ==   0.000
Node[75547] {p-er+t}
    0 : -> [75546] ==   0.000
Node[75546] {er-t+eh}
    0 : -> [75545] ==   0.000
Node[75545] {t-eh+k}
    0 : -> [75543] ==   0.000
Node[75543] {eh-k+t}
    0 : -> [75542] ==   0.000
Node[75542] {k-t+ih}
    0 : -> [75541] ==   0.000
Node[75541] {t-ih+d}
    0 : -> [75548] ==   0.000
Node[75549] {sp}
    0 : -> [72460] ==   0.000
Node[75552] {p+er}
    0 : -> [75547] ==   0.000
Node[75551] {r-p+er}
    0 : -> [75547] ==   0.000
Node[75537] {sil}
    0 : -> [72459] ==   0.000
Node[75536] {p-er+t}
    0 : -> [75535] ==   0.000
Node[75535] {er-t+eh}
    0 : -> [75533] ==   0.000
Node[75533] {t-eh+k}
    0 : -> [75531] ==   0.000
Node[75531] {eh-k+t}
    0 : -> [75530] ==   0.000
Node[75530] {k-t+ih}
    0 : -> [75529] ==   0.000
Node[75529] {t-ih+d}
    0 : -> [75528] ==   0.000
Node[75528] {ih-d+sil}
    0 : -> [75537] ==   0.000
Node[75540] {p+er}
    0 : -> [75536] ==   0.000
Node[75539] {r-p+er}
    0 : -> [75536] ==   0.000
Node[75523] {ae-r+p}
    0 : -> [75524] ==   0.000
Node[75524] {sp}
    0 : -> [72458] ==   0.000
Node[75527] {sil-aa+r}
    0 : -> [75523] ==   0.000
Node[75525] {s-aa+r}
    0 : -> [75523] ==   0.000
Node[75519] {sil}
    0 : -> [72457] ==   0.000
Node[75518] {aa-r+sil}
    0 : -> [75519] ==   0.000
Node[75522] {sil-aa+r}
    0 : -> [75518] ==   0.000
Node[75520] {s-aa+r}
    0 : -> [75518] ==   0.000
Node[75513] {ah-z+aa}
    0 : -> [75514] ==   0.000
Node[75511] {eh-r+iy}
    0 : -> [75510] ==   0.000
Node[75510] {r-iy+ah}
    0 : -> [75509] ==   0.000
Node[75509] {ih-ah+z}
    0 : -> [75513] ==   0.000
Node[75514] {sp}
    0 : -> [72456] ==   0.000
Node[75517] {eh+r}
    0 : -> [75511] ==   0.000
Node[75515] {l-eh+r}
    0 : -> [75511] ==   0.000
Node[75505] {sil}
    0 : -> [72455] ==   0.000
Node[75504] {eh-r+iy}
    0 : -> [75503] ==   0.000
Node[75503] {r-iy+ah}
    0 : -> [75501] ==   0.000
Node[75501] {ih-ah+z}
    0 : -> [75500] ==   0.000
Node[75500] {uh-z+sil}
    0 : -> [75505] ==   0.000
Node[75508] {eh+r}
    0 : -> [75504] ==   0.000
Node[75507] {l-eh+r}
    0 : -> [75504] ==   0.000
Node[75495] {ah-l+eh}
    0 : -> [75496] ==   0.000
Node[75494] {r-uh+r}
    0 : -> [75493] ==   0.000
Node[75493] {uh-r+ah}
    0 : -> [75492] ==   0.000
Node[75492] {r-ah+l}
    0 : -> [75495] ==   0.000
Node[75496] {sp}
    0 : -> [72454] ==   0.000
Node[75499] {sil-r+uh}
    0 : -> [75494] ==   0.000
Node[75498] {uw-r+uh}
    0 : -> [75494] ==   0.000
Node[75488] {sil}
    0 : -> [72453] ==   0.000
Node[75486] {r-uh+r}
    0 : -> [75485] ==   0.000
Node[75485] {uh-r+ah}
    0 : -> [75484] ==   0.000
Node[75484] {r-ah+l}
    0 : -> [75483] ==   0.000
Node[75483] {ah-l+sil}
    0 : -> [75488] ==   0.000
Node[75490] {sil-r+uh}
    0 : -> [75486] ==   0.000
Node[75489] {uw-r+uh}
    0 : -> [75486] ==   0.000
Node[75478] {y-uw+r}
    0 : -> [75479] ==   0.000
Node[75477] {f-y+uw}
    0 : -> [75478] ==   0.000
Node[75479] {sp}
    0 : -> [72452] ==   0.000
Node[75482] {f+y}
    0 : -> [75477] ==   0.000
Node[75480] {hh-f+y}
    0 : -> [75477] ==   0.000
Node[75473] {sil}
    0 : -> [72451] ==   0.000
Node[75471] {f-y+uw}
    0 : -> [75470] ==   0.000
Node[75470] {y-uw+sil}
    0 : -> [75473] ==   0.000
Node[75475] {f+y}
    0 : -> [75471] ==   0.000
Node[75474] {hh-f+y}
    0 : -> [75471] ==   0.000
Node[75465] {g-er+f}
    0 : -> [75466] ==   0.000
Node[75464] {n-uh+b}
    0 : -> [75463] ==   0.000
Node[75463] {ah-g+er}
    0 : -> [75465] ==   0.000
Node[75466] {sp}
    0 : -> [72450] ==   0.000
Node[75469] {sil-sh+uh}
    0 : -> [75464] ==   0.000
Node[75468] {t-sh+uh}
    0 : -> [75464] ==   0.000
Node[75459] {sil}
    0 : -> [72449] ==   0.000
Node[75458] {n-uh+b}
    0 : -> [75456] ==   0.000
Node[75456] {ah-g+er}
    0 : -> [75455] ==   0.000
Node[75455] {g-er}
    0 : -> [75459] ==   0.000
Node[75462] {sil-sh+uh}
    0 : -> [75458] ==   0.000
Node[75460] {t-sh+uh}
    0 : -> [75458] ==   0.000
Node[75450] {aw-t+sh}
    0 : -> [75451] ==   0.000
Node[75449] {w-ih+th}
    0 : -> [75448] ==   0.000
Node[75448] {ih-th+aw}
    0 : -> [75447] ==   0.000
Node[75447] {th-aw+t}
    0 : -> [75450] ==   0.000
Node[75451] {sp}
    0 : -> [72448] ==   0.000
Node[75454] {w+ih}
    0 : -> [75449] ==   0.000
Node[75453] {k-w+ih}
    0 : -> [75449] ==   0.000
Node[75443] {sil}
    0 : -> [72447] ==   0.000
Node[75441] {w-ih+th}
    0 : -> [75440] ==   0.000
Node[75440] {ih-th+aw}
    0 : -> [75439] ==   0.000
Node[75439] {th-aw+t}
    0 : -> [75438] ==   0.000
Node[75438] {aw-t}
    0 : -> [75443] ==   0.000
Node[75445] {w+ih}
    0 : -> [75441] ==   0.000
Node[75444] {k-w+ih}
    0 : -> [75441] ==   0.000
Node[75431] {uh-k+w}
    0 : -> [75432] ==   0.000
Node[75430] {k-uh+k}
    0 : -> [75431] ==   0.000
Node[75432] {sp}
    0 : -> [72446] ==   0.000
Node[75437] {sil-k+uh}
    0 : -> [75430] ==   0.000
Node[75435] {uw-k+uh}
    0 : -> [75430] ==   0.000
Node[75434] {ah-k+uh}
    0 : -> [75430] ==   0.000
Node[75425] {sil}
    0 : -> [72445] ==   0.000
Node[75424] {k-uh+k}
    0 : -> [75423] ==   0.000
Node[75423] {uh-k}
    0 : -> [75425] ==   0.000
Node[75429] {sil-k+uh}
    0 : -> [75424] ==   0.000
Node[75428] {uw-k+uh}
    0 : -> [75424] ==   0.000
Node[75427] {ah-k+uh}
    0 : -> [75424] ==   0.000
Node[75419] {t-uw+k}
    0 : -> [75420] ==   0.000
Node[75420] {sp}
    0 : -> [72444] ==   0.000
Node[75422] {er-t+uw}
    0 : -> [75419] ==   0.000
Node[75416] {sil}
    0 : -> [72443] ==   0.000
Node[75415] {t-uw}
    0 : -> [75416] ==   0.000
Node[75418] {er-t+uw}
    0 : -> [75415] ==   0.000
Node[75412] {t-ah+k}
    0 : -> [75413] ==   0.000
Node[75413] {sp}
    0 : -> [72442] ==   0.000
Node[75414] {er-t+ah}
    0 : -> [75412] ==   0.000
Node[75409] {sil}
    0 : -> [72441] ==   0.000
Node[75408] {t-ah}
    0 : -> [75409] ==   0.000
Node[75410] {er-t+ah}
    0 : -> [75408] ==   0.000
Node[75403] {ih-er+t}
    0 : -> [75404] ==   0.000
Node[75401] {hh-eh+l}
    0 : -> [75400] ==   0.000
Node[75400] {ae-l+th}
    0 : -> [75399] ==   0.000
Node[75399] {l-th+iy}
    0 : -> [75398] ==   0.000
Node[75398] {th-iy+ih}
    0 : -> [75397] ==   0.000
Node[75397] {iy-ih+er}
    0 : -> [75403] ==   0.000
Node[75404] {sp}
    0 : -> [72440] ==   0.000
Node[75407] {sil-hh+eh}
    0 : -> [75401] ==   0.000
Node[75405] {jh-hh+eh}
    0 : -> [75401] ==   0.000
Node[75391] {th-s+hh}
    0 : -> [75392] ==   0.000
Node[75390] {ih-t+s}
    0 : -> [75391] ==   0.000
Node[75392] {sp}
    0 : -> [72439] ==   0.000
Node[75395] {sil-ih+t}
    0 : -> [75390] ==   0.000
Node[75394] {t-ih+t}
    0 : -> [75390] ==   0.000
Node[75386] {sil}
    0 : -> [72438] ==   0.000
Node[75385] {ih-t+s}
    0 : -> [75384] ==   0.000
Node[75384] {t-s+sil}
    0 : -> [75386] ==   0.000
Node[75389] {sil-ih+t}
    0 : -> [75385] ==   0.000
Node[75388] {t-ih+t}
    0 : -> [75385] ==   0.000
Node[75379] {ae-t+ih}
    0 : -> [75380] ==   0.000
Node[75378] {dh-ae+t}
    0 : -> [75379] ==   0.000
Node[75380] {sp}
    0 : -> [72437] ==   0.000
Node[75383] {sil-dh+aa}
    0 : -> [75378] ==   0.000
Node[75382] {k-dh+aa}
    0 : -> [75378] ==   0.000
Node[75374] {sil}
    0 : -> [72436] ==   0.000
Node[75373] {dh-ae+t}
    0 : -> [75372] ==   0.000
Node[75372] {ae-t+sil}
    0 : -> [75374] ==   0.000
Node[75377] {sil-dh+aa}
    0 : -> [75373] ==   0.000
Node[75375] {k-dh+aa}
    0 : -> [75373] ==   0.000
Node[75366] {ay-k+dh}
    0 : -> [75367] ==   0.000
Node[75365] {l-ay+k}
    0 : -> [75366] ==   0.000
Node[75367] {sp}
    0 : -> [72435] ==   0.000
Node[75370] {l+ay}
    0 : -> [75365] ==   0.000
Node[75369] {g-l+ay}
    0 : -> [75365] ==   0.000
Node[75361] {sil}
    0 : -> [72434] ==   0.000
Node[75360] {l-ay+k}
    0 : -> [75359] ==   0.000
Node[75359] {ay-k}
    0 : -> [75361] ==   0.000
Node[75364] {l+ay}
    0 : -> [75360] ==   0.000
Node[75363] {g-l+ay}
    0 : -> [75360] ==   0.000
Node[75354] {ah-g+l}
    0 : -> [75355] ==   0.000
Node[75353] {r-ah+g}
    0 : -> [75354] ==   0.000
Node[75355] {sp}
    0 : -> [72433] ==   0.000
Node[75358] {sil-r+ah}
    0 : -> [75353] ==   0.000
Node[75357] {iy-r+ah}
    0 : -> [75353] ==   0.000
Node[75349] {sil}
    0 : -> [72432] ==   0.000
Node[75348] {r-ah+g}
    0 : -> [75347] ==   0.000
Node[75347] {ah-g+sil}
    0 : -> [75349] ==   0.000
Node[75352] {sil-r+ah}
    0 : -> [75348] ==   0.000
Node[75350] {iy-r+ah}
    0 : -> [75348] ==   0.000
Node[75341] {l-iy+r}
    0 : -> [75342] ==   0.000
Node[75340] {oy-l+iy}
    0 : -> [75341] ==   0.000
Node[75342] {sp}
    0 : -> [72431] ==   0.000
Node[75345] {sil-oy+l}
    0 : -> [75340] ==   0.000
Node[75344] {n-oy+l}
    0 : -> [75340] ==   0.000
Node[75336] {sil}
    0 : -> [72430] ==   0.000
Node[75335] {oy-l+iy}
    0 : -> [75334] ==   0.000
Node[75334] {l-iy}
    0 : -> [75336] ==   0.000
Node[75339] {sil-oy+l}
    0 : -> [75335] ==   0.000
Node[75338] {n-oy+l}
    0 : -> [75335] ==   0.000
Node[75329] {ae-n+oy}
    0 : -> [75330] ==   0.000
Node[75330] {sp}
    0 : -> [72429] ==   0.000
Node[75333] {sil-ae+n}
    0 : -> [75329] ==   0.000
Node[75332] {ih-ae+n}
    0 : -> [75329] ==   0.000
Node[75325] {sil}
    0 : -> [72428] ==   0.000
Node[75324] {ae-n+sil}
    0 : -> [75325] ==   0.000
Node[75328] {sil-ae+n}
    0 : -> [75324] ==   0.000
Node[75327] {ih-ae+n}
    0 : -> [75324] ==   0.000
Node[75318] {r-iy+ae}
    0 : -> [75319] ==   0.000
Node[75316] {k-ae+r}
    0 : -> [75315] ==   0.000
Node[75315] {eh-r+iy}
    0 : -> [75318] ==   0.000
Node[75319] {sp}
    0 : -> [72427] ==   0.000
Node[75323] {sil-k+ae}
    0 : -> [75316] ==   0.000
Node[75322] {uw-k+ae}
    0 : -> [75316] ==   0.000
Node[75320] {ah-k+ae}
    0 : -> [75316] ==   0.000
Node[75310] {sil}
    0 : -> [72426] ==   0.000
Node[75309] {k-ae+r}
    0 : -> [75308] ==   0.000
Node[75308] {eh-r+iy}
    0 : -> [75307] ==   0.000
Node[75307] {r-iy+sil}
    0 : -> [75310] ==   0.000
Node[75314] {sil-k+ae}
    0 : -> [75309] ==   0.000
Node[75313] {uw-k+ae}
    0 : -> [75309] ==   0.000
Node[75312] {ah-k+ae}
    0 : -> [75309] ==   0.000
Node[75302] {t-uw+k}
    0 : -> [75303] ==   0.000
Node[75303] {sp}
    0 : -> [72425] ==   0.000
Node[75305] {t+uw}
    0 : -> [75302] ==   0.000
Node[75304] {iy-t+uw}
    0 : -> [75302] ==   0.000
Node[75298] {sil}
    0 : -> [72424] ==   0.000
Node[75297] {t-uw}
    0 : -> [75298] ==   0.000
Node[75300] {t+uw}
    0 : -> [75297] ==   0.000
Node[75299] {iy-t+uw}
    0 : -> [75297] ==   0.000
Node[75292] {t-ah+k}
    0 : -> [75293] ==   0.000
Node[75293] {sp}
    0 : -> [72423] ==   0.000
Node[75295] {t+ah}
    0 : -> [75292] ==   0.000
Node[75294] {iy-t+ah}
    0 : -> [75292] ==   0.000
Node[75288] {sil}
    0 : -> [72422] ==   0.000
Node[75287] {t-ah}
    0 : -> [75288] ==   0.000
Node[75290] {t+ah}
    0 : -> [75287] ==   0.000
Node[75289] {iy-t+ah}
    0 : -> [75287] ==   0.000
Node[75281] {m-iy+t}
    0 : -> [75282] ==   0.000
Node[75282] {sp}
    0 : -> [72421] ==   0.000
Node[75285] {m+iy}
    0 : -> [75281] ==   0.000
Node[75284] {k-m+iy}
    0 : -> [75281] ==   0.000
Node[75277] {sil}
    0 : -> [72420] ==   0.000
Node[75276] {m-iy}
    0 : -> [75277] ==   0.000
Node[75280] {m+iy}
    0 : -> [75276] ==   0.000
Node[75279] {k-m+iy}
    0 : -> [75276] ==   0.000
Node[75271] {dh-k+m}
    0 : -> [75272] ==   0.000
Node[75270] {ae-s+k}
    0 : -> [75271] ==   0.000
Node[75272] {sp}
    0 : -> [72419] ==   0.000
Node[75275] {sil-ae+s}
    0 : -> [75270] ==   0.000
Node[75274] {t-ae+s}
    0 : -> [75270] ==   0.000
Node[75266] {sil}
    0 : -> [72418] ==   0.000
Node[75265] {ae-s+k}
    0 : -> [75264] ==   0.000
Node[75264] {th-k+sil}
    0 : -> [75266] ==   0.000
Node[75269] {sil-ae+s}
    0 : -> [75265] ==   0.000
Node[75267] {t-ae+s}
    0 : -> [75265] ==   0.000
Node[75258] {n-t+ae}
    0 : -> [75259] ==   0.000
Node[75257] {d-ow+n}
    0 : -> [75256] ==   0.000
Node[75256] {ow-n+t}
    0 : -> [75258] ==   0.000
Node[75259] {sp}
    0 : -> [72417] ==   0.000
Node[75262] {d+ow}
    0 : -> [75257] ==   0.000
Node[75261] {jh-d+ow}
    0 : -> [75257] ==   0.000
Node[75252] {sil}
    0 : -> [72416] ==   0.000
Node[75251] {d-ow+n}
    0 : -> [75250] ==   0.000
Node[75250] {ow-n+t}
    0 : -> [75249] ==   0.000
Node[75249] {m-t+sil}
    0 : -> [75252] ==   0.000
Node[75255] {d+ow}
    0 : -> [75251] ==   0.000
Node[75254] {jh-d+ow}
    0 : -> [75251] ==   0.000
Node[75243] {ay-jh+d}
    0 : -> [75244] ==   0.000
Node[75242] {m-eh+r}
    0 : -> [75241] ==   0.000
Node[75241] {eh-r+iy}
    0 : -> [75240] ==   0.000
Node[75240] {r-iy+ah}
    0 : -> [75239] ==   0.000
Node[75239] {iy-ah+jh}
    0 : -> [75243] ==   0.000
Node[75244] {sp}
    0 : -> [72415] ==   0.000
Node[75247] {m+eh}
    0 : -> [75242] ==   0.000
Node[75246] {jh-m+eh}
    0 : -> [75242] ==   0.000
Node[75235] {sil}
    0 : -> [72414] ==   0.000
Node[75233] {m-eh+r}
    0 : -> [75232] ==   0.000
Node[75232] {eh-r+iy}
    0 : -> [75231] ==   0.000
Node[75231] {r-iy+ah}
    0 : -> [75230] ==   0.000
Node[75230] {iy-ah+jh}
    0 : -> [75229] ==   0.000
Node[75229] {ah-jh+sil}
    0 : -> [75235] ==   0.000
Node[75237] {m+eh}
    0 : -> [75233] ==   0.000
Node[75236] {jh-m+eh}
    0 : -> [75233] ==   0.000
Node[75224] {ey-jh+m}
    0 : -> [75225] ==   0.000
Node[75225] {sp}
    0 : -> [72413] ==   0.000
Node[75227] {sil-ey+jh}
    0 : -> [75224] ==   0.000
Node[75226] {er-ey+jh}
    0 : -> [75224] ==   0.000
Node[75220] {sil}
    0 : -> [72412] ==   0.000
Node[75219] {ey-jh+sil}
    0 : -> [75220] ==   0.000
Node[75222] {sil-ey+jh}
    0 : -> [75219] ==   0.000
Node[75221] {er-ey+jh}
    0 : -> [75219] ==   0.000
Node[75212] {d-er+ey}
    0 : -> [75213] ==   0.000
Node[75211] {ah-n+d}
    0 : -> [75210] ==   0.000
Node[75210] {n-d+er}
    0 : -> [75212] ==   0.000
Node[75213] {sp}
    0 : -> [72411] ==   0.000
Node[75217] {sil-ah+n}
    0 : -> [75211] ==   0.000
Node[75216] {er-ah+n}
    0 : -> [75211] ==   0.000
Node[75215] {r-ah+n}
    0 : -> [75211] ==   0.000
Node[75205] {sil}
    0 : -> [72410] ==   0.000
Node[75203] {ah-n+d}
    0 : -> [75202] ==   0.000
Node[75202] {n-d+er}
    0 : -> [75201] ==   0.000
Node[75201] {d-er}
    0 : -> [75205] ==   0.000
Node[75209] {sil-ah+n}
    0 : -> [75203] ==   0.000
Node[75207] {er-ah+n}
    0 : -> [75203] ==   0.000
Node[75206] {r-ah+n}
    0 : -> [75203] ==   0.000
Node[75196] {ao-r+ah}
    0 : -> [75197] ==   0.000
Node[75195] {f-ao+r}
    0 : -> [75196] ==   0.000
Node[75197] {sp}
    0 : -> [72409] ==   0.000
Node[75200] {f+ao}
    0 : -> [75195] ==   0.000
Node[75199] {l-f+ao}
    0 : -> [75195] ==   0.000
Node[75191] {sil}
    0 : -> [72408] ==   0.000
Node[75190] {f-ao+r}
    0 : -> [75189] ==   0.000
Node[75189] {ao-r+sil}
    0 : -> [75191] ==   0.000
Node[75194] {f+ao}
    0 : -> [75190] ==   0.000
Node[75192] {l-f+ao}
    0 : -> [75190] ==   0.000
Node[75183] {r-er+ah}
    0 : -> [75184] ==   0.000
Node[75182] {f-r+er}
    0 : -> [75183] ==   0.000
Node[75184] {sp}
    0 : -> [72407] ==   0.000
Node[75187] {f+r}
    0 : -> [75182] ==   0.000
Node[75186] {w-f+r}
    0 : -> [75182] ==   0.000
Node[75178] {sil}
    0 : -> [72406] ==   0.000
Node[75177] {f-r+er}
    0 : -> [75176] ==   0.000
Node[75176] {r-er+sil}
    0 : -> [75178] ==   0.000
Node[75181] {f+r}
    0 : -> [75177] ==   0.000
Node[75180] {w-f+r}
    0 : -> [75177] ==   0.000
Node[75171] {uh-l+f}
    0 : -> [75172] ==   0.000
Node[75170] {ah-p+r}
    0 : -> [75168] ==   0.000
Node[75168] {p-r+uw}
    0 : -> [75167] ==   0.000
Node[75167] {r-uw+v}
    0 : -> [75166] ==   0.000
Node[75166] {uw-v+ah}
    0 : -> [75165] ==   0.000
Node[75165] {v-ah+l}
    0 : -> [75171] ==   0.000
Node[75172] {sp}
    0 : -> [72405] ==   0.000
Node[75175] {sil-ah+p}
    0 : -> [75170] ==   0.000
Node[75174] {l-ah+p}
    0 : -> [75170] ==   0.000
Node[75161] {sil}
    0 : -> [72404] ==   0.000
Node[75160] {ah-p+r}
    0 : -> [75158] ==   0.000
Node[75158] {p-r+uw}
    0 : -> [75157] ==   0.000
Node[75157] {r-uw+v}
    0 : -> [75156] ==   0.000
Node[75156] {uw-v+ah}
    0 : -> [75155] ==   0.000
Node[75155] {v-ah+l}
    0 : -> [75154] ==   0.000
Node[75154] {ah-l+sil}
    0 : -> [75161] ==   0.000
Node[75164] {sil-ah+p}
    0 : -> [75160] ==   0.000
Node[75162] {l-ah+p}
    0 : -> [75160] ==   0.000
Node[75148] {ah-l+ah}
    0 : -> [75149] ==   0.000
Node[75147] {p-eh+r}
    0 : -> [75146] ==   0.000
Node[75146] {eh-r+ah}
    0 : -> [75145] ==   0.000
Node[75145] {r-ah+n}
    0 : -> [75143] ==   0.000
Node[75143] {ah-n+t}
    0 : -> [75142] ==   0.000
Node[75142] {n-t+ah}
    0 : -> [75141] ==   0.000
Node[75141] {t-ah+l}
    0 : -> [75148] ==   0.000
Node[75149] {sp}
    0 : -> [72403] ==   0.000
Node[75152] {p+eh}
    0 : -> [75147] ==   0.000
Node[75151] {z-p+eh}
    0 : -> [75147] ==   0.000
Node[75137] {sil}
    0 : -> [72402] ==   0.000
Node[75136] {p-eh+r}
    0 : -> [75135] ==   0.000
Node[75135] {eh-r+ah}
    0 : -> [75133] ==   0.000
Node[75133] {r-ah+n}
    0 : -> [75132] ==   0.000
Node[75132] {ah-n+t}
    0 : -> [75131] ==   0.000
Node[75131] {n-t+ah}
    0 : -> [75130] ==   0.000
Node[75130] {t-ah+l}
    0 : -> [75129] ==   0.000
Node[75129] {ah-l+sil}
    0 : -> [75137] ==   0.000
Node[75140] {p+eh}
    0 : -> [75136] ==   0.000
Node[75139] {z-p+eh}
    0 : -> [75136] ==   0.000
Node[75123] {er-z+p}
    0 : -> [75124] ==   0.000
Node[75122] {r-iy+k}
    0 : -> [75121] ==   0.000
Node[75121] {ey-k+w}
    0 : -> [75120] ==   0.000
Node[75120] {k-w+aw}
    0 : -> [75118] ==   0.000
Node[75118] {w-ay+er}
    0 : -> [75117] ==   0.000
Node[75117] {ay-er+z}
    0 : -> [75123] ==   0.000
Node[75124] {sp}
    0 : -> [72401] ==   0.000
Node[75127] {sil-r+iy}
    0 : -> [75122] ==   0.000
Node[75126] {n-r+iy}
    0 : -> [75122] ==   0.000
Node[75113] {sil}
    0 : -> [72400] ==   0.000
Node[75112] {r-iy+k}
    0 : -> [75111] ==   0.000
Node[75111] {ey-k+w}
    0 : -> [75110] ==   0.000
Node[75110] {k-w+aw}
    0 : -> [75108] ==   0.000
Node[75108] {w-ay+er}
    0 : -> [75107] ==   0.000
Node[75107] {ay-er+z}
    0 : -> [75106] ==   0.000
Node[75106] {er-z}
    0 : -> [75113] ==   0.000
Node[75116] {sil-r+iy}
    0 : -> [75112] ==   0.000
Node[75115] {n-r+iy}
    0 : -> [75112] ==   0.000
Node[75102] {uh-n+r}
    0 : -> [75103] ==   0.000
Node[75101] {t-r+ah}
    0 : -> [75100] ==   0.000
Node[75100] {r-ah+d}
    0 : -> [75098] ==   0.000
Node[75098] {ah-d+ih}
    0 : -> [75097] ==   0.000
Node[75097] {d-ih+sh}
    0 : -> [75096] ==   0.000
Node[75096] {ih-sh+ah}
    0 : -> [75095] ==   0.000
Node[75095] {ch-ah+n}
    0 : -> [75102] ==   0.000
Node[75103] {sp}
    0 : -> [72399] ==   0.000
Node[75105] {t+r}
    0 : -> [75101] ==   0.000
Node[75092] {sil}
    0 : -> [72398] ==   0.000
Node[75091] {t-r+ah}
    0 : -> [75090] ==   0.000
Node[75090] {r-ah+d}
    0 : -> [75088] ==   0.000
Node[75088] {ah-d+ih}
    0 : -> [75087] ==   0.000
Node[75087] {d-ih+sh}
    0 : -> [75086] ==   0.000
Node[75086] {ih-sh+ah}
    0 : -> [75085] ==   0.000
Node[75085] {ch-ah+n}
    0 : -> [75084] ==   0.000
Node[75084] {ah-n+sil}
    0 : -> [75092] ==   0.000
Node[75094] {t+r}
    0 : -> [75091] ==   0.000
Node[72510] CRANBERRY
    0 : -> [75948] ==   0.000
Node[75053] ARE
    0 : -> [76235] ==   0.000
Node[75083] RAG
    0 : -> [76416] ==   0.000
    1 : -> [76423] ==   0.000
Node[75066] DON'T
    0 : -> [76323] ==   0.000
    1 : -> [76329] ==   0.000
Node[72518] IN
    0 : -> [76012] ==   0.000
Node[72444] TO
    0 : -> [75428] ==   0.000
    1 : -> [75435] ==   0.000
Node[72431] OILY
    0 : -> [75350] ==   0.000
    1 : -> [75357] ==   0.000
Node[72427] CARRY
    0 : -> [75327] ==   0.000
    1 : -> [75332] ==   0.000
Node[72471] WAS
    0 : -> [75670] ==   0.000
    1 : -> [75677] ==   0.000
Node[72520] AUTUMN
    0 : -> [76018] ==   0.000
    1 : -> [76024] ==   0.000
Node[75054] ARE
    0 : -> [76233] ==   0.000
Node[75068] ASK
    0 : -> [76334] ==   0.000
    1 : -> [76339] ==   0.000
Node[72517] PRETTY
    0 : -> [75997] ==   0.000
    1 : -> [76002] ==   0.000
Node[72413] AGE
    0 : -> [75236] ==   0.000
    1 : -> [75246] ==   0.000
Node[72496] NEVER
    0 : -> [75838] ==   0.000
    1 : -> [75844] ==   0.000
Node[72511] BOG
    0 : -> [75954] ==   0.000
    1 : -> [75960] ==   0.000
Node[72429] AN
    0 : -> [75338] ==   0.000
    1 : -> [75344] ==   0.000
Node[75069] ASK
    0 : -> [76333] ==   0.000
    1 : -> [76338] ==   0.000
Node[72425] TO
    0 : -> [75313] ==   0.000
    1 : -> [75322] ==   0.000
Node[72531] HAD
    0 : -> [76087] ==   0.000
    1 : -> [76093] ==   0.000
Node[75052] PIZZERIAS
    0 : -> [76216] ==   0.000
    1 : -> [76220] ==   0.000
Node[75035] YOUR
    0 : -> [76101] ==   0.000
    1 : -> [76108] ==   0.000
Node[72455] AREAS
    0 : -> [75522] ==   0.000
    1 : -> [75527] ==   0.000
Node[72411] UNDER
    0 : -> [75221] ==   0.000
    1 : -> [75226] ==   0.000
Node[72475] OFTEN
    0 : -> [75687] ==   0.000
    1 : -> [75697] ==   0.000
Node[72460] PROTECTED
    0 : -> [75584] ==   0.000
    1 : -> [75589] ==   0.000
Node[72396] LIKE
    0 : -> [72392] ==   0.000
Node[72478] CURIOUS
    0 : -> [75704] ==   0.000
    1 : -> [75711] ==   0.000
Node[72499] MOM
    0 : -> [75869] ==   0.000
    1 : -> [75880] ==   0.000
Node[72467] RECTOR
    0 : -> [75631] ==   0.000
    1 : -> [75637] ==   0.000
    2 : -> [75644] ==   0.000
    3 : -> [75650] ==   0.000
    4 : -> [75656] ==   0.000
    5 : -> [75662] ==   0.000
Node[75070] ME
    0 : -> [76344] ==   0.000
    1 : -> [76349] ==   0.000
    2 : -> [76354] ==   0.000
    3 : -> [76359] ==   0.000
Node[75050] YEAR
    0 : -> [76212] ==   0.000
Node[72486] TO
    0 : -> [75761] ==   0.000
    1 : -> [75769] ==   0.000
Node[72513] GETS
    0 : -> [75967] ==   0.000
    1 : -> [75974] ==   0.000
Node[75048] ALL
    0 : -> [76193] ==   0.000
    1 : -> [76200] ==   0.000
Node[72459] PROTECTED
    0 : -> [75585] ==   0.000
    1 : -> [75590] ==   0.000
Node[75063] QUICK
    0 : -> [76293] ==   0.000
    1 : -> [76300] ==   0.000
Node[72410] UNDER
    0 : -> [75222] ==   0.000
    1 : -> [75227] ==   0.000
Node[72464] BY
    0 : -> [75597] ==   0.000
    1 : -> [75606] ==   0.000
Node[72491] BUT
    0 : -> [75813] ==   0.000
    1 : -> [75818] ==   0.000
Node[72423] TO
    0 : -> [75312] ==   0.000
    1 : -> [75320] ==   0.000
Node[75067] DON'T
    0 : -> [76321] ==   0.000
    1 : -> [76328] ==   0.000
Node[72434] LIKE
    0 : -> [75377] ==   0.000
    1 : -> [75383] ==   0.000
Node[72519] IN
    0 : -> [76010] ==   0.000
Node[72477] CURIOUS
    0 : -> [75705] ==   0.000
    1 : -> [75712] ==   0.000
Node[72469] WAS
    0 : -> [75670] ==   0.000
    1 : -> [75677] ==   0.000
Node[72408] FOR
    0 : -> [75209] ==   0.000
    1 : -> [75217] ==   0.000
Node[72497] DID
    0 : -> [75852] ==   0.000
    1 : -> [75858] ==   0.000
Node[72439] IT'S
    0 : -> [75405] ==   0.000
Node[75064] LUNCH
    0 : -> [76309] ==   0.000
    1 : -> [76316] ==   0.000
Node[72454] RURAL
    0 : -> [75507] ==   0.000
    1 : -> [75515] ==   0.000
Node[72403] PARENTAL
    0 : -> [75162] ==   0.000
    1 : -> [75174] ==   0.000
Node[72424] TO
    0 : -> [75314] ==   0.000
    1 : -> [75323] ==   0.000
Node[75076] CARRY
    0 : -> [76381] ==   0.000
    1 : -> [76386] ==   0.000
Node[72472] WAS
    0 : -> [75669] ==   0.000
    1 : -> [75676] ==   0.000
Node[72505] APPETIZERS
    0 : -> [75918] ==   0.000
    1 : -> [75922] ==   0.000
    2 : -> [75925] ==   0.000
    3 : -> [75929] ==   0.000
Node[75060] A
    0 : -> [76278] ==   0.000
    1 : -> [76286] ==   0.000
Node[72433] RAG
    0 : -> [75363] ==   0.000
    1 : -> [75369] ==   0.000
Node[72440] HEALTHIER
    0 : -> [75410] ==   0.000
    1 : -> [75414] ==   0.000
    2 : -> [75418] ==   0.000
    3 : -> [75422] ==   0.000
Node[72416] DON'T
    0 : -> [75269] ==   0.000
    1 : -> [75275] ==   0.000
Node[72452] FEW
    0 : -> [75489] ==   0.000
    1 : -> [75498] ==   0.000
Node[75034] YOUR
    0 : -> [76102] ==   0.000
    1 : -> [76110] ==   0.000
Node[72498] DID
    0 : -> [75850] ==   0.000
    1 : -> [75857] ==   0.000
Node[72453] RURAL
    0 : -> [75508] ==   0.000
    1 : -> [75517] ==   0.000
Node[72528] SHE
    0 : -> [76076] ==   0.000
    1 : -> [76082] ==   0.000
Node[72521] BROWN
    0 : -> [76029] ==   0.000
    1 : -> [76034] ==   0.000
Node[72456] AREAS
    0 : -> [75520] ==   0.000
    1 : -> [75525] ==   0.000
Node[72508] THE
    0 : -> [75943] ==   0.000
Node[72418] ASK
    0 : -> [75280] ==   0.000
    1 : -> [75285] ==   0.000
Node[72492] BUT
    0 : -> [75812] ==   0.000
    1 : -> [75817] ==   0.000
Node[72446] COOK
    0 : -> [75444] ==   0.000
    1 : -> [75453] ==   0.000
Node[72463] BY
    0 : -> [75599] ==   0.000
    1 : -> [75607] ==   0.000
Node[75045] WASH
    0 : -> [76168] ==   0.000
    1 : -> [76176] ==   0.000
Node[72419] ASK
    0 : -> [75279] ==   0.000
    1 : -> [75284] ==   0.000
Node[72405] APPROVAL
    0 : -> [75180] ==   0.000
    1 : -> [75186] ==   0.000
    2 : -> [75192] ==   0.000
    3 : -> [75199] ==   0.000
Node[72457] ARE
    0 : -> [75540] ==   0.000
    1 : -> [75552] ==   0.000
    2 : -> [75566] ==   0.000
    3 : -> [75580] ==   0.000
Node[75055] CONVENIENT
    0 : -> [76240] ==   0.000
    1 : -> [76245] ==   0.000
    2 : -> [76250] ==   0.000
    3 : -> [76255] ==   0.000
Node[72438] IT'S
    0 : -> [75407] ==   0.000
Node[75059] FOR
    0 : -> [76261] ==   0.000
    1 : -> [76257] ==   0.000
Node[75044] WASH
    0 : -> [76170] ==   0.000
    1 : -> [76177] ==   0.000
Node[72458] ARE
    0 : -> [75539] ==   0.000
    1 : -> [75551] ==   0.000
    2 : -> [75565] ==   0.000
    3 : -> [75579] ==   0.000
Node[72487] ASK
    0 : -> [75782] ==   0.000
    1 : -> [75795] ==   0.000
Node[75046] WATER
    0 : -> [76182] ==   0.000
    1 : -> [76187] ==   0.000
Node[75062] QUICK
    0 : -> [76294] ==   0.000
    1 : -> [76301] ==   0.000
Node[75049] ALL
    0 : -> [76192] ==   0.000
    1 : -> [76198] ==   0.000
Node[72516] PRETTY
    0 : -> [75998] ==   0.000
    1 : -> [76003] ==   0.000
Node[75037] DARK
    0 : -> [76115] ==   0.000
    1 : -> [76121] ==   0.000
Node[72415] MARRIAGE
    0 : -> [75254] ==   0.000
    1 : -> [75261] ==   0.000
Node[75036] DARK
    0 : -> [76116] ==   0.000
    1 : -> [76122] ==   0.000
Node[72420] ME
    0 : -> [75290] ==   0.000
    1 : -> [75295] ==   0.000
    2 : -> [75300] ==   0.000
    3 : -> [75305] ==   0.000
Node[72512] GETS
    0 : -> [75968] ==   0.000
    1 : -> [75975] ==   0.000
Node[72481] TEMPTED
    0 : -> [75740] ==   0.000
    1 : -> [75745] ==   0.000
    2 : -> [75750] ==   0.000
    3 : -> [75755] ==   0.000
Node[72483] TO
    0 : -> [75762] ==   0.000
    1 : -> [75770] ==   0.000
Node[72449] SUGAR
    0 : -> [75475] ==   0.000
    1 : -> [75482] ==   0.000
Node[75042] GREASY
    0 : -> [76156] ==   0.000
    1 : -> [76162] ==   0.000
Node[72462] PROTECTED
    0 : -> [75584] ==   0.000
    1 : -> [75589] ==   0.000
Node[72527] MUSTACHE
    0 : -> [76063] ==   0.000
    1 : -> [76068] ==   0.000
Node[72470] WAS
    0 : -> [75669] ==   0.000
    1 : -> [75676] ==   0.000
Node[75058] FOR
    0 : -> [76268] ==   0.000
    1 : -> [76260] ==   0.000
Node[72515] VERY
    0 : -> [75983] ==   0.000
    1 : -> [75992] ==   0.000
Node[75082] RAG
    0 : -> [76418] ==   0.000
    1 : -> [76424] ==   0.000
Node[72476] OFTEN
    0 : -> [75686] ==   0.000
    1 : -> [75696] ==   0.000
Node[72417] DON'T
    0 : -> [75267] ==   0.000
    1 : -> [75274] ==   0.000
Node[72448] WITHOUT
    0 : -> [75460] ==   0.000
    1 : -> [75468] ==   0.000
Node[72523] EYES
    0 : -> [76042] ==   0.000
Node[72525] EYEBROW
    0 : -> [76051] ==   0.000
    1 : -> [76060] ==   0.000
Node[72490] QUESTIONS
    0 : -> [75800] ==   0.000
    1 : -> [75807] ==   0.000
Node[72435] LIKE
    0 : -> [75375] ==   0.000
    1 : -> [75382] ==   0.000
Node[72399] TRADITION
    0 : -> [75115] ==   0.000
    1 : -> [75126] ==   0.000
Node[72414] MARRIAGE
    0 : -> [75255] ==   0.000
    1 : -> [75262] ==   0.000
Node[72501] STRONGLY
    0 : -> [75892] ==   0.000
    1 : -> [75903] ==   0.000
Node[75056] FOR
    0 : -> [76268] ==   0.000
    1 : -> [76260] ==   0.000
Node[75080] OILY
    0 : -> [76405] ==   0.000
    1 : -> [76411] ==   0.000
Node[75065] LUNCH
    0 : -> [76308] ==   0.000
    1 : -> [76315] ==   0.000
Node[75057] FOR
    0 : -> [76265] ==   0.000
    1 : -> [76258] ==   0.000
Node[72506] THE
    0 : -> [75943] ==   0.000
Node[72447] WITHOUT
    0 : -> [75462] ==   0.000
    1 : -> [75469] ==   0.000
Node[72489] QUESTIONS
    0 : -> [75802] ==   0.000
    1 : -> [75808] ==   0.000
Node[75040] IN
    0 : -> [76141] ==   0.000
    1 : -> [76150] ==   0.000
Node[72504] DISLIKES
    0 : -> [75913] ==   0.000
Node[72426] CARRY
    0 : -> [75328] ==   0.000
    1 : -> [75333] ==   0.000
Node[72404] APPROVAL
    0 : -> [75181] ==   0.000
    1 : -> [75187] ==   0.000
    2 : -> [75194] ==   0.000
    3 : -> [75200] ==   0.000
Node[72482] TEMPTED
    0 : -> [75739] ==   0.000
    1 : -> [75744] ==   0.000
    2 : -> [75749] ==   0.000
    3 : -> [75754] ==   0.000
Node[75061] A
    0 : -> [76277] ==   0.000
    1 : -> [76285] ==   0.000
Node[75072] TO
    0 : -> [76368] ==   0.000
    1 : -> [76376] ==   0.000
Node[72437] THAT
    0 : -> [75388] ==   0.000
    1 : -> [75394] ==   0.000
Node[75043] GREASY
    0 : -> [76155] ==   0.000
    1 : -> [76161] ==   0.000
Node[72529] SHE
    0 : -> [76075] ==   0.000
    1 : -> [76081] ==   0.000
Node[72400] REQUIRES
    0 : -> [75140] ==   0.000
    1 : -> [75152] ==   0.000
Node[75071] ME
    0 : -> [76343] ==   0.000
    1 : -> [76348] ==   0.000
    2 : -> [76353] ==   0.000
    3 : -> [76358] ==   0.000
Node[72402] PARENTAL
    0 : -> [75164] ==   0.000
    1 : -> [75175] ==   0.000
Node[72474] WAS
    0 : -> [75669] ==   0.000
    1 : -> [75676] ==   0.000
Node[72428] AN
    0 : -> [75339] ==   0.000
    1 : -> [75345] ==   0.000
Node[75081] OILY
    0 : -> [76404] ==   0.000
    1 : -> [76410] ==   0.000
Node[75077] CARRY
    0 : -> [76380] ==   0.000
    1 : -> [76385] ==   0.000
Node[72503] DISLIKES
    0 : -> [75914] ==   0.000
Node[75038] SUIT
    0 : -> [76127] ==   0.000
    1 : -> [76132] ==   0.000
Node[72509] THE
    0 : -> [75940] ==   0.000
Node[72450] SUGAR
    0 : -> [75474] ==   0.000
    1 : -> [75480] ==   0.000
Node[72479] OFTEN
    0 : -> [75724] ==   0.000
    1 : -> [75735] ==   0.000
Node[75039] SUIT
    0 : -> [76126] ==   0.000
    1 : -> [76131] ==   0.000
Node[72494] HE
    0 : -> [75824] ==   0.000
    1 : -> [75832] ==   0.000
Node[72530] HAD
    0 : -> [76088] ==   0.000
    1 : -> [76095] ==   0.000
Node[72514] VERY
    0 : -> [75984] ==   0.000
    1 : -> [75993] ==   0.000
Node[72445] COOK
    0 : -> [75445] ==   0.000
    1 : -> [75454] ==   0.000
Node[72480] OFTEN
    0 : -> [75722] ==   0.000
    1 : -> [75734] ==   0.000
Node[75041] IN
    0 : -> [76140] ==   0.000
    1 : -> [76148] ==   0.000
Node[72466] ZONING
    0 : -> [75615] ==   0.000
    1 : -> [75624] ==   0.000
Node[72409] FOR
    0 : -> [75206] ==   0.000
    1 : -> [75215] ==   0.000
Node[75051] YEAR
    0 : -> [76211] ==   0.000
Node[75079] AN
    0 : -> [76391] ==   0.000
    1 : -> [76398] ==   0.000
Node[75075] TO
    0 : -> [76366] ==   0.000
    1 : -> [76375] ==   0.000
Node[72442] TO
    0 : -> [75427] ==   0.000
    1 : -> [75434] ==   0.000
Node[72502] STRONGLY
    0 : -> [75890] ==   0.000
    1 : -> [75902] ==   0.000
Node[72495] NEVER
    0 : -> [75839] ==   0.000
    1 : -> [75845] ==   0.000
Node[72500] MOM
    0 : -> [75868] ==   0.000
    1 : -> [75879] ==   0.000
Node[72473] WAS
    0 : -> [75670] ==   0.000
    1 : -> [75677] ==   0.000
Node[72493] HE
    0 : -> [75825] ==   0.000
    1 : -> [75833] ==   0.000
Node[72436] THAT
    0 : -> [75389] ==   0.000
    1 : -> [75395] ==   0.000
Node[72465] ZONING
    0 : -> [75616] ==   0.000
    1 : -> [75625] ==   0.000
Node[72443] TO
    0 : -> [75429] ==   0.000
    1 : -> [75437] ==   0.000
Node[72485] TO
    0 : -> [75762] ==   0.000
    1 : -> [75770] ==   0.000
Node[72507] THE
    0 : -> [75942] ==   0.000
Node[72522] BROWN
    0 : -> [76028] ==   0.000
    1 : -> [76033] ==   0.000
Node[72526] MUSTACHE
    0 : -> [76065] ==   0.000
    1 : -> [76070] ==   0.000
Node[72441] TO
    0 : -> [75429] ==   0.000
    1 : -> [75437] ==   0.000
Node[72432] RAG
    0 : -> [75364] ==   0.000
    1 : -> [75370] ==   0.000
Node[72451] FEW
    0 : -> [75490] ==   0.000
    1 : -> [75499] ==   0.000
Node[72488] ASK
    0 : -> [75781] ==   0.000
    1 : -> [75794] ==   0.000
Node[75073] TO
    0 : -> [76365] ==   0.000
    1 : -> [76374] ==   0.000
Node[72406] FOR
    0 : -> [75209] ==   0.000
    1 : -> [75217] ==   0.000
Node[72398] TRADITION
    0 : -> [75116] ==   0.000
    1 : -> [75127] ==   0.000
Node[72397] LIKE
    0 : -> [72392] ==   0.000
Node[72430] OILY
    0 : -> [75352] ==   0.000
    1 : -> [75358] ==   0.000
Node[72407] FOR
    0 : -> [75207] ==   0.000
    1 : -> [75216] ==   0.000
Node[72468] RECTOR
    0 : -> [75630] ==   0.000
    1 : -> [75636] ==   0.000
    2 : -> [75642] ==   0.000
    3 : -> [75649] ==   0.000
    4 : -> [75655] ==   0.000
    5 : -> [75661] ==   0.000
Node[72412] AGE
    0 : -> [75237] ==   0.000
    1 : -> [75247] ==   0.000
Node[72484] TO
    0 : -> [75760] ==   0.000
    1 : -> [75767] ==   0.000
Node[75047] WATER
    0 : -> [76181] ==   0.000
    1 : -> [76186] ==   0.000
Node[72422] TO
    0 : -> [75314] ==   0.000
    1 : -> [75323] ==   0.000
Node[72401] REQUIRES
    0 : -> [75139] ==   0.000
    1 : -> [75151] ==   0.000
Node[75074] TO
    0 : -> [76368] ==   0.000
    1 : -> [76376] ==   0.000
Node[72421] ME
    0 : -> [75289] ==   0.000
    1 : -> [75294] ==   0.000
    2 : -> [75299] ==   0.000
    3 : -> [75304] ==   0.000
Node[75078] AN
    0 : -> [76393] ==   0.000
    1 : -> [76399] ==   0.000
Node[72461] PROTECTED
    0 : -> [75585] ==   0.000
    1 : -> [75590] ==   0.000
Node[72524] EYES
    0 : -> [76041] ==   0.000
TRADITION REQUIRES PARENTAL APPROVAL FOR UNDER AGE MARRIAGE DON'T ASK ME TO CARRY AN OILY RAG LIKE THAT IT'S HEALTHIER TO COOK WITHOUT SUGAR FEW RURAL AREAS ARE PROTECTED BY ZONING RECTOR WAS OFTEN CURIOUS OFTEN TEMPTED TO ASK QUESTIONS BUT HE NEVER DID MOM STRONGLY DISLIKES APPETIZERS THE CRANBERRY BOG GETS VERY PRETTY IN AUTUMN BROWN EYES EYEBROW MUSTACHE SHE HAD YOUR DARK SUIT IN GREASY WASH WATER ALL YEAR PIZZERIAS ARE CONVENIENT FOR A QUICK LUNCH DON'T ASK ME TO CARRY AN OILY RAG LIKE  ==  [2998 frames] -105.3649 [Ac=-315883.9 LM=0.0] (Act=14.6)
